2025-08-13 12:58:20,288 - __main__ - INFO - ==liuq debug== FastMapV2 日志系统初始化完成
2025-08-13 12:58:20,289 - __main__ - INFO - ==liuq debug== FastMapV2 应用程序启动
2025-08-13 12:58:20,852 - __main__ - INFO - ==liuq debug== 依赖检查通过
2025-08-13 12:58:20,868 - __main__ - INFO - ==liuq debug== QApplication创建成功
2025-08-13 12:58:20,871 - __main__ - INFO - ==liuq debug== 主窗口模块导入成功
2025-08-13 12:58:20,872 - gui.main_window - INFO - ==liuq debug== 开始初始化主窗口
2025-08-13 12:58:20,872 - gui.main_window - INFO - ==liuq debug== 顶层窗口预启用拖拽
2025-08-13 12:58:20,891 - core.interfaces.xml_data_processor - INFO - ==liuq debug== XML数据处理接口模块加载完成
2025-08-13 12:58:20,896 - core.interfaces.xml_field_definition - INFO - ==liuq debug== XML字段定义系统模块加载完成
2025-08-13 12:58:20,897 - core.interfaces.field_definition_provider - INFO - ==liuq debug== 字段定义提供者接口模块加载完成
2025-08-13 12:58:20,900 - core.interfaces.data_binding_manager - INFO - ==liuq debug== 数据绑定管理接口模块加载完成
2025-08-13 12:58:20,900 - core.interfaces - INFO - ==liuq debug== 核心接口模块加载完成
2025-08-13 12:58:20,901 - core.services.data_binding_manager_impl - INFO - ==liuq debug== 数据绑定管理器实现模块加载完成
2025-08-13 12:58:20,902 - core.services.field_editor_factory - INFO - ==liuq debug== 字段编辑器工厂初始化完成
2025-08-13 12:58:20,902 - core.services.field_editor_factory - INFO - ==liuq debug== 字段编辑器工厂模块加载完成
2025-08-13 12:58:20,904 - core.services.field_registry_service - INFO - ==liuq debug== 从XML_FIELD_CONFIG创建了 39 个字段定义
2025-08-13 12:58:20,905 - core.services.field_registry_service - INFO - ==liuq debug== 字段注册成功: alias_name -> 分组: basic
2025-08-13 12:58:20,905 - core.services.field_registry_service - INFO - ==liuq debug== 字段注册成功: x -> 分组: basic
2025-08-13 12:58:20,905 - core.services.field_registry_service - INFO - ==liuq debug== 字段注册成功: y -> 分组: basic
2025-08-13 12:58:20,905 - core.services.field_registry_service - INFO - ==liuq debug== 字段注册成功: weight -> 分组: basic
2025-08-13 12:58:20,905 - core.services.field_registry_service - INFO - ==liuq debug== 字段注册成功: trans_step -> 分组: basic
2025-08-13 12:58:20,905 - core.services.field_registry_service - INFO - ==liuq debug== 字段注册成功: offset_x -> 分组: basic
2025-08-13 12:58:20,906 - core.services.field_registry_service - INFO - ==liuq debug== 字段注册成功: offset_y -> 分组: basic
2025-08-13 12:58:20,906 - core.services.field_registry_service - INFO - ==liuq debug== 字段注册成功: bv_min -> 分组: ranges
2025-08-13 12:58:20,906 - core.services.field_registry_service - INFO - ==liuq debug== 字段注册成功: bv_max -> 分组: ranges
2025-08-13 12:58:20,906 - core.services.field_registry_service - INFO - ==liuq debug== 字段注册成功: tran_bv_min -> 分组: custom
2025-08-13 12:58:20,906 - core.services.field_registry_service - INFO - ==liuq debug== 字段注册成功: tran_bv_max -> 分组: custom
2025-08-13 12:58:20,906 - core.services.field_registry_service - INFO - ==liuq debug== 字段注册成功: ctemp_min -> 分组: ranges
2025-08-13 12:58:20,907 - core.services.field_registry_service - INFO - ==liuq debug== 字段注册成功: ctemp_max -> 分组: ranges
2025-08-13 12:58:20,907 - core.services.field_registry_service - INFO - ==liuq debug== 字段注册成功: tran_ctemp_min -> 分组: custom
2025-08-13 12:58:20,907 - core.services.field_registry_service - INFO - ==liuq debug== 字段注册成功: tran_ctemp_max -> 分组: custom
2025-08-13 12:58:20,907 - core.services.field_registry_service - INFO - ==liuq debug== 字段注册成功: ir_min -> 分组: ranges
2025-08-13 12:58:20,907 - core.services.field_registry_service - INFO - ==liuq debug== 字段注册成功: ir_max -> 分组: ranges
2025-08-13 12:58:20,907 - core.services.field_registry_service - INFO - ==liuq debug== 字段注册成功: tran_ir_min -> 分组: custom
2025-08-13 12:58:20,908 - core.services.field_registry_service - INFO - ==liuq debug== 字段注册成功: tran_ir_max -> 分组: custom
2025-08-13 12:58:20,908 - core.services.field_registry_service - INFO - ==liuq debug== 字段注册成功: ac_min -> 分组: ranges
2025-08-13 12:58:20,908 - core.services.field_registry_service - INFO - ==liuq debug== 字段注册成功: ac_max -> 分组: ranges
2025-08-13 12:58:20,908 - core.services.field_registry_service - INFO - ==liuq debug== 字段注册成功: tran_ac_min -> 分组: custom
2025-08-13 12:58:20,908 - core.services.field_registry_service - INFO - ==liuq debug== 字段注册成功: tran_ac_max -> 分组: custom
2025-08-13 12:58:20,908 - core.services.field_registry_service - INFO - ==liuq debug== 字段注册成功: count_min -> 分组: ranges
2025-08-13 12:58:20,908 - core.services.field_registry_service - INFO - ==liuq debug== 字段注册成功: count_max -> 分组: ranges
2025-08-13 12:58:20,909 - core.services.field_registry_service - INFO - ==liuq debug== 字段注册成功: tran_count_min -> 分组: custom
2025-08-13 12:58:20,909 - core.services.field_registry_service - INFO - ==liuq debug== 字段注册成功: tran_count_max -> 分组: custom
2025-08-13 12:58:20,909 - core.services.field_registry_service - INFO - ==liuq debug== 字段注册成功: color_cct_min -> 分组: ranges
2025-08-13 12:58:20,909 - core.services.field_registry_service - INFO - ==liuq debug== 字段注册成功: color_cct_max -> 分组: ranges
2025-08-13 12:58:20,909 - core.services.field_registry_service - INFO - ==liuq debug== 字段注册成功: tran_color_cct_min -> 分组: custom
2025-08-13 12:58:20,909 - core.services.field_registry_service - INFO - ==liuq debug== 字段注册成功: tran_color_cct_max -> 分组: custom
2025-08-13 12:58:20,910 - core.services.field_registry_service - INFO - ==liuq debug== 字段注册成功: diff_ctemp_min -> 分组: ranges
2025-08-13 12:58:20,910 - core.services.field_registry_service - INFO - ==liuq debug== 字段注册成功: diff_ctemp_max -> 分组: ranges
2025-08-13 12:58:20,910 - core.services.field_registry_service - INFO - ==liuq debug== 字段注册成功: tran_diff_ctemp_min -> 分组: custom
2025-08-13 12:58:20,910 - core.services.field_registry_service - INFO - ==liuq debug== 字段注册成功: tran_diff_ctemp_max -> 分组: custom
2025-08-13 12:58:20,910 - core.services.field_registry_service - INFO - ==liuq debug== 字段注册成功: face_ctemp_min -> 分组: ranges
2025-08-13 12:58:20,910 - core.services.field_registry_service - INFO - ==liuq debug== 字段注册成功: face_ctemp_max -> 分组: ranges
2025-08-13 12:58:20,910 - core.services.field_registry_service - INFO - ==liuq debug== 字段注册成功: tran_face_ctemp_min -> 分组: custom
2025-08-13 12:58:20,911 - core.services.field_registry_service - INFO - ==liuq debug== 字段注册成功: tran_face_ctemp_max -> 分组: custom
2025-08-13 12:58:20,911 - core.services.field_registry_service - INFO - ==liuq debug== 字段注册成功: ml -> 分组: ranges
2025-08-13 12:58:20,911 - core.services.field_registry_service - WARNING - ==liuq debug== 覆盖已存在的字段: weight
2025-08-13 12:58:20,911 - core.services.field_registry_service - INFO - ==liuq debug== 字段注册成功: weight -> 分组: basic
2025-08-13 12:58:20,912 - core.services.field_registry_service - WARNING - ==liuq debug== 覆盖已存在的字段: trans_step
2025-08-13 12:58:20,912 - core.services.field_registry_service - INFO - ==liuq debug== 字段注册成功: trans_step -> 分组: basic
2025-08-13 12:58:20,912 - core.services.field_registry_service - INFO - ==liuq debug== 字段注册成功: e_ratio_min -> 分组: ranges
2025-08-13 12:58:20,912 - core.services.field_registry_service - INFO - ==liuq debug== 字段注册成功: e_ratio_max -> 分组: ranges
2025-08-13 12:58:20,912 - core.services.field_registry_service - INFO - ==liuq debug== 字段注册成功: bv_range -> 分组: ranges
2025-08-13 12:58:20,913 - core.services.field_registry_service - INFO - ==liuq debug== 字段注册成功: ir_range -> 分组: ranges
2025-08-13 12:58:20,913 - core.services.field_registry_service - INFO - ==liuq debug== 字段注册成功: cct_range -> 分组: ranges
2025-08-13 12:58:20,913 - core.services.field_registry_service - INFO - ==liuq debug== 字段注册成功: detect_flag -> 分组: advanced
2025-08-13 12:58:20,913 - core.services.field_registry_service - INFO - ==liuq debug== 预定义字段注册完成，共注册 48 个字段（包含 39 个XML配置字段）
2025-08-13 12:58:20,913 - core.services.field_registry_service - INFO - ==liuq debug== 字段注册服务初始化完成
2025-08-13 12:58:20,914 - core.services.field_registry_service - INFO - ==liuq debug== 字段注册服务模块加载完成
2025-08-13 12:58:20,924 - core.services.xml_writer_service - INFO - ==liuq debug== XML写入服务模块加载完成
2025-08-13 12:58:20,927 - core.managers.table_column_manager - INFO - ==liuq debug== 表格列管理器初始化完成
2025-08-13 12:58:20,927 - core.managers.table_column_manager - INFO - ==liuq debug== 表格列管理器模块加载完成
2025-08-13 12:58:20,929 - core.services.data_binding_manager_impl - INFO - ==liuq debug== 数据绑定管理器初始化完成
2025-08-13 12:58:20,929 - gui.widgets.map_table_widget - INFO - ==liuq debug== 从字段注册系统获取到 46 个可编辑字段
2025-08-13 12:58:20,930 - core.managers.table_column_manager - INFO - ==liuq debug== 开始生成默认表格配置（基于核心字段的动态模式）
2025-08-13 12:58:20,930 - core.managers.table_column_manager - INFO - ==liuq debug== 找到 40 个核心字段用于默认表格配置
2025-08-13 12:58:20,931 - core.managers.table_column_manager - INFO - ==liuq debug== 40列配置验证通过
2025-08-13 12:58:20,931 - core.managers.table_column_manager - INFO - ==liuq debug== 默认表格配置生成完成，共 40 列（40列兼容模式）
2025-08-13 12:58:20,931 - gui.widgets.map_table_widget - INFO - ==liuq debug== 表格配置初始化完成，共 40 个可见列
2025-08-13 12:58:20,931 - gui.widgets.map_table_widget - INFO - ==liuq debug== 表格配置初始化完成，共 40 个可见列
2025-08-13 12:58:20,948 - gui.widgets.map_table_widget - INFO - ==liuq debug== 设置表格，共 40 个可见列
2025-08-13 12:58:21,326 - gui.widgets.map_table_widget - INFO - ==liuq debug== 加载字段定义完成，共 46 个字段
2025-08-13 12:58:21,326 - gui.widgets.map_table_widget - INFO - ==liuq debug== 启用表格单元格编辑功能
2025-08-13 12:58:21,326 - gui.widgets.map_table_widget - INFO - ==liuq debug== Map点表格组件初始化完成
2025-08-13 12:58:21,714 - gui.widgets.map_shape_viewer - INFO - ==liuq debug== Map形状查看器UI设置完成
2025-08-13 12:58:21,714 - gui.widgets.map_shape_viewer - INFO - ==liuq debug== Map形状查看器初始化完成
2025-08-13 12:58:21,743 - gui.styles.theme - INFO - ==liuq debug== FastMapV2主题初始化完成: light
2025-08-13 12:58:21,745 - core.services.unified_report_manager - INFO - ==liuq debug== 加载历史记录: 0条
2025-08-13 12:58:21,745 - core.services.unified_report_manager - INFO - ==liuq debug== 统一报告管理器初始化完成
2025-08-13 12:58:22,144 - gui.tabs.analysis_report_tab - INFO - ==liuq debug== 刷新历史记录: 0条
2025-08-13 12:58:22,145 - gui.tabs.analysis_report_tab - INFO - ==liuq debug== 分析报告标签页初始化完成
2025-08-13 12:58:22,192 - utils.win_drop - INFO - ==liuq debug== DragAcceptFiles调用，hwnd=0xc0f50
2025-08-13 12:58:22,193 - utils.win_drop - INFO - ==liuq debug== 原生事件过滤器安装成功
2025-08-13 12:58:22,194 - gui.main_window - INFO - ==liuq debug== 已安装 Windows 原生拖拽过滤器 (WM_DROPFILES) phase=create_tabs hwnd=790352
2025-08-13 12:58:22,194 - gui.main_window - INFO - ==liuq debug== 所有标签页创建完成
2025-08-13 12:58:22,203 - gui.main_window - INFO - ==liuq debug== 界面样式设置完成
2025-08-13 12:58:22,204 - gui.main_window - INFO - ==liuq debug== UI界面设置完成
2025-08-13 12:58:22,217 - gui.main_window - INFO - ==liuq debug== 菜单栏设置完成
2025-08-13 12:58:22,218 - gui.main_window - INFO - ==liuq debug== 状态栏设置完成
2025-08-13 12:58:22,219 - gui.main_window - INFO - ==liuq debug== 信号连接设置完成
2025-08-13 12:58:22,219 - gui.main_window - INFO - ==liuq debug== 已启用拖拽: MainWindow
2025-08-13 12:58:22,220 - gui.main_window - INFO - ==liuq debug== 已启用拖拽: QWidget
2025-08-13 12:58:22,220 - gui.main_window - INFO - ==liuq debug== 已启用拖拽: QTabWidget
2025-08-13 12:58:22,220 - gui.main_window - INFO - ==liuq debug== 已启用拖拽: QStackedWidget
2025-08-13 12:58:22,221 - gui.main_window - INFO - ==liuq debug== 已启用拖拽: AnalysisReportTab
2025-08-13 12:58:22,221 - gui.main_window - INFO - ==liuq debug== 已启用拖拽: QLabel
2025-08-13 12:58:22,221 - gui.main_window - INFO - ==liuq debug== 已启用拖拽: QSplitter
2025-08-13 12:58:22,221 - gui.main_window - INFO - ==liuq debug== 已启用拖拽: QGroupBox
2025-08-13 12:58:22,222 - gui.main_window - INFO - ==liuq debug== 已启用拖拽: QPushButton
2025-08-13 12:58:22,222 - gui.main_window - INFO - ==liuq debug== 已启用拖拽: QPushButton
2025-08-13 12:58:22,222 - gui.main_window - INFO - ==liuq debug== 已启用拖拽: QTableWidget
2025-08-13 12:58:22,223 - gui.main_window - INFO - ==liuq debug== 已启用拖拽: QWidget
2025-08-13 12:58:22,223 - gui.main_window - INFO - ==liuq debug== 已启用拖拽: QWidget
2025-08-13 12:58:22,223 - gui.main_window - INFO - ==liuq debug== 已启用拖拽: QWidget
2025-08-13 12:58:22,223 - gui.main_window - INFO - ==liuq debug== 已启用拖拽: QScrollBar
2025-08-13 12:58:22,224 - gui.main_window - INFO - ==liuq debug== 已启用拖拽: QWidget
2025-08-13 12:58:22,224 - gui.main_window - INFO - ==liuq debug== 已启用拖拽: QScrollBar
2025-08-13 12:58:22,224 - gui.main_window - INFO - ==liuq debug== 已启用拖拽: QHeaderView
2025-08-13 12:58:22,224 - gui.main_window - INFO - ==liuq debug== 已启用拖拽: QWidget
2025-08-13 12:58:22,224 - gui.main_window - INFO - ==liuq debug== 已启用拖拽: QWidget
2025-08-13 12:58:22,225 - gui.main_window - INFO - ==liuq debug== 已启用拖拽: QWidget
2025-08-13 12:58:22,225 - gui.main_window - INFO - ==liuq debug== 已启用拖拽: QScrollBar
2025-08-13 12:58:22,225 - gui.main_window - INFO - ==liuq debug== 已启用拖拽: QWidget
2025-08-13 12:58:22,225 - gui.main_window - INFO - ==liuq debug== 已启用拖拽: QScrollBar
2025-08-13 12:58:22,225 - gui.main_window - INFO - ==liuq debug== 已启用拖拽: QHeaderView
2025-08-13 12:58:22,225 - gui.main_window - INFO - ==liuq debug== 已启用拖拽: QWidget
2025-08-13 12:58:22,226 - gui.main_window - INFO - ==liuq debug== 已启用拖拽: QWidget
2025-08-13 12:58:22,226 - gui.main_window - INFO - ==liuq debug== 已启用拖拽: QWidget
2025-08-13 12:58:22,226 - gui.main_window - INFO - ==liuq debug== 已启用拖拽: QScrollBar
2025-08-13 12:58:22,226 - gui.main_window - INFO - ==liuq debug== 已启用拖拽: QWidget
2025-08-13 12:58:22,226 - gui.main_window - INFO - ==liuq debug== 已启用拖拽: QScrollBar
2025-08-13 12:58:22,227 - gui.main_window - INFO - ==liuq debug== 已启用拖拽: QAbstractButton
2025-08-13 12:58:22,227 - gui.main_window - INFO - ==liuq debug== 已启用拖拽: QGroupBox
2025-08-13 12:58:22,227 - gui.main_window - INFO - ==liuq debug== 已启用拖拽: QPushButton
2025-08-13 12:58:22,227 - gui.main_window - INFO - ==liuq debug== 已启用拖拽: QPushButton
2025-08-13 12:58:22,227 - gui.main_window - INFO - ==liuq debug== 已启用拖拽: QPushButton
2025-08-13 12:58:22,228 - gui.main_window - INFO - ==liuq debug== 已启用拖拽: QSplitterHandle
2025-08-13 12:58:22,228 - gui.main_window - INFO - ==liuq debug== 已启用拖拽: QSplitterHandle
2025-08-13 12:58:22,228 - gui.main_window - INFO - ==liuq debug== 已启用拖拽: QWidget
2025-08-13 12:58:22,228 - gui.main_window - INFO - ==liuq debug== 已启用拖拽: QProgressBar
2025-08-13 12:58:22,229 - gui.main_window - INFO - ==liuq debug== 已启用拖拽: QLabel
2025-08-13 12:58:22,229 - gui.main_window - INFO - ==liuq debug== 已启用拖拽: QWidget
2025-08-13 12:58:22,229 - gui.main_window - INFO - ==liuq debug== 已启用拖拽: QLabel
2025-08-13 12:58:22,229 - gui.main_window - INFO - ==liuq debug== 已启用拖拽: QLabel
2025-08-13 12:58:22,229 - gui.main_window - INFO - ==liuq debug== 已启用拖拽: QWidget
2025-08-13 12:58:22,230 - gui.main_window - INFO - ==liuq debug== 已启用拖拽: QLabel
2025-08-13 12:58:22,230 - gui.main_window - INFO - ==liuq debug== 已启用拖拽: QLabel
2025-08-13 12:58:22,230 - gui.main_window - INFO - ==liuq debug== 已启用拖拽: ExifProcessingTab
2025-08-13 12:58:22,230 - gui.main_window - INFO - ==liuq debug== 已启用拖拽: QLabel
2025-08-13 12:58:22,230 - gui.main_window - INFO - ==liuq debug== 已启用拖拽: QLineEdit
2025-08-13 12:58:22,230 - gui.main_window - INFO - ==liuq debug== 已启用拖拽: QPushButton
2025-08-13 12:58:22,231 - gui.main_window - INFO - ==liuq debug== 已启用拖拽: QLabel
2025-08-13 12:58:22,231 - gui.main_window - INFO - ==liuq debug== 已启用拖拽: QListWidget
2025-08-13 12:58:22,231 - gui.main_window - INFO - ==liuq debug== 已启用拖拽: QWidget
2025-08-13 12:58:22,231 - gui.main_window - INFO - ==liuq debug== 已启用拖拽: QWidget
2025-08-13 12:58:22,231 - gui.main_window - INFO - ==liuq debug== 已启用拖拽: QWidget
2025-08-13 12:58:22,231 - gui.main_window - INFO - ==liuq debug== 已启用拖拽: QScrollBar
2025-08-13 12:58:22,232 - gui.main_window - INFO - ==liuq debug== 已启用拖拽: QWidget
2025-08-13 12:58:22,232 - gui.main_window - INFO - ==liuq debug== 已启用拖拽: QScrollBar
2025-08-13 12:58:22,232 - gui.main_window - INFO - ==liuq debug== 已启用拖拽: QLabel
2025-08-13 12:58:22,232 - gui.main_window - INFO - ==liuq debug== 已启用拖拽: QPushButton
2025-08-13 12:58:22,232 - gui.main_window - INFO - ==liuq debug== 已启用拖拽: QPushButton
2025-08-13 12:58:22,232 - gui.main_window - INFO - ==liuq debug== 已启用拖拽: QPushButton
2025-08-13 12:58:22,233 - gui.main_window - INFO - ==liuq debug== 已启用拖拽: QPushButton
2025-08-13 12:58:22,233 - gui.main_window - INFO - ==liuq debug== 已启用拖拽: QPushButton
2025-08-13 12:58:22,233 - gui.main_window - INFO - ==liuq debug== 已启用拖拽: QPushButton
2025-08-13 12:58:22,233 - gui.main_window - INFO - ==liuq debug== 已启用拖拽: QPushButton
2025-08-13 12:58:22,233 - gui.main_window - INFO - ==liuq debug== 已启用拖拽: QPushButton
2025-08-13 12:58:22,233 - gui.main_window - INFO - ==liuq debug== 已启用拖拽: QCheckBox
2025-08-13 12:58:22,233 - gui.main_window - INFO - ==liuq debug== 已启用拖拽: QCheckBox
2025-08-13 12:58:22,234 - gui.main_window - INFO - ==liuq debug== 已启用拖拽: QLabel
2025-08-13 12:58:22,234 - gui.main_window - INFO - ==liuq debug== 已启用拖拽: QLineEdit
2025-08-13 12:58:22,234 - gui.main_window - INFO - ==liuq debug== 已启用拖拽: QPushButton
2025-08-13 12:58:22,234 - gui.main_window - INFO - ==liuq debug== 已启用拖拽: QPushButton
2025-08-13 12:58:22,234 - gui.main_window - INFO - ==liuq debug== 已启用拖拽: QLabel
2025-08-13 12:58:22,234 - gui.main_window - INFO - ==liuq debug== 已启用拖拽: QPushButton
2025-08-13 12:58:22,235 - gui.main_window - INFO - ==liuq debug== 已启用拖拽: QPushButton
2025-08-13 12:58:22,235 - gui.main_window - INFO - ==liuq debug== 已启用拖拽: QWidget
2025-08-13 12:58:22,235 - gui.main_window - INFO - ==liuq debug== 已启用拖拽: QLabel
2025-08-13 12:58:22,235 - gui.main_window - INFO - ==liuq debug== 已启用拖拽: QLabel
2025-08-13 12:58:22,235 - gui.main_window - INFO - ==liuq debug== 已启用拖拽: QPushButton
2025-08-13 12:58:22,236 - gui.main_window - INFO - ==liuq debug== 已启用拖拽: QSplitter
2025-08-13 12:58:22,236 - gui.main_window - INFO - ==liuq debug== 已启用拖拽: MapShapeViewer
2025-08-13 12:58:22,236 - gui.main_window - INFO - ==liuq debug== 已启用拖拽: QLabel
2025-08-13 12:58:22,236 - gui.main_window - INFO - ==liuq debug== 已启用拖拽: FigureCanvasQTAgg
2025-08-13 12:58:22,237 - gui.main_window - INFO - ==liuq debug== 已启用拖拽: QLabel
2025-08-13 12:58:22,239 - gui.main_window - INFO - ==liuq debug== 已启用拖拽: MapTableWidget
2025-08-13 12:58:22,240 - gui.main_window - INFO - ==liuq debug== 已启用拖拽: QLabel
2025-08-13 12:58:22,240 - gui.main_window - INFO - ==liuq debug== 已启用拖拽: QLabel
2025-08-13 12:58:22,240 - gui.main_window - INFO - ==liuq debug== 已启用拖拽: QLineEdit
2025-08-13 12:58:22,241 - gui.main_window - INFO - ==liuq debug== 已启用拖拽: QPushButton
2025-08-13 12:58:22,241 - gui.main_window - INFO - ==liuq debug== 已启用拖拽: QTableWidget
2025-08-13 12:58:22,241 - gui.main_window - INFO - ==liuq debug== 已启用拖拽: QWidget
2025-08-13 12:58:22,241 - gui.main_window - INFO - ==liuq debug== 已启用拖拽: QWidget
2025-08-13 12:58:22,242 - gui.main_window - INFO - ==liuq debug== 已启用拖拽: QWidget
2025-08-13 12:58:22,242 - gui.main_window - INFO - ==liuq debug== 已启用拖拽: QScrollBar
2025-08-13 12:58:22,242 - gui.main_window - INFO - ==liuq debug== 已启用拖拽: QHeaderView
2025-08-13 12:58:22,242 - gui.main_window - INFO - ==liuq debug== 已启用拖拽: QWidget
2025-08-13 12:58:22,242 - gui.main_window - INFO - ==liuq debug== 已启用拖拽: QWidget
2025-08-13 12:58:22,243 - gui.main_window - INFO - ==liuq debug== 已启用拖拽: QWidget
2025-08-13 12:58:22,243 - gui.main_window - INFO - ==liuq debug== 已启用拖拽: QScrollBar
2025-08-13 12:58:22,243 - gui.main_window - INFO - ==liuq debug== 已启用拖拽: QWidget
2025-08-13 12:58:22,243 - gui.main_window - INFO - ==liuq debug== 已启用拖拽: QScrollBar
2025-08-13 12:58:22,243 - gui.main_window - INFO - ==liuq debug== 已启用拖拽: QAbstractButton
2025-08-13 12:58:22,244 - gui.main_window - INFO - ==liuq debug== 已启用拖拽: SimpleHeaderView
2025-08-13 12:58:22,244 - gui.main_window - INFO - ==liuq debug== 已启用拖拽: QWidget
2025-08-13 12:58:22,244 - gui.main_window - INFO - ==liuq debug== 已启用拖拽: QWidget
2025-08-13 12:58:22,245 - gui.main_window - INFO - ==liuq debug== 已启用拖拽: QWidget
2025-08-13 12:58:22,245 - gui.main_window - INFO - ==liuq debug== 已启用拖拽: QScrollBar
2025-08-13 12:58:22,246 - gui.main_window - INFO - ==liuq debug== 已启用拖拽: QWidget
2025-08-13 12:58:22,246 - gui.main_window - INFO - ==liuq debug== 已启用拖拽: QScrollBar
2025-08-13 12:58:22,247 - gui.main_window - INFO - ==liuq debug== 已启用拖拽: QWidget
2025-08-13 12:58:22,247 - gui.main_window - INFO - ==liuq debug== 已启用拖拽: QScrollBar
2025-08-13 12:58:22,247 - gui.main_window - INFO - ==liuq debug== 已启用拖拽: QLabel
2025-08-13 12:58:22,247 - gui.main_window - INFO - ==liuq debug== 已启用拖拽: QSplitterHandle
2025-08-13 12:58:22,248 - gui.main_window - INFO - ==liuq debug== 已启用拖拽: QSplitterHandle
2025-08-13 12:58:22,248 - gui.main_window - INFO - ==liuq debug== 已启用拖拽: QTabBar
2025-08-13 12:58:22,248 - gui.main_window - INFO - ==liuq debug== 已启用拖拽: QToolButton
2025-08-13 12:58:22,248 - gui.main_window - INFO - ==liuq debug== 已启用拖拽: QToolButton
2025-08-13 12:58:22,248 - gui.main_window - INFO - ==liuq debug== 已启用拖拽: QMenuBar
2025-08-13 12:58:22,249 - gui.main_window - INFO - ==liuq debug== 已启用拖拽: QToolButton
2025-08-13 12:58:22,249 - gui.main_window - INFO - ==liuq debug== 已启用拖拽: QMenu
2025-08-13 12:58:22,249 - gui.main_window - INFO - ==liuq debug== 已启用拖拽: QMenu
2025-08-13 12:58:22,249 - gui.main_window - INFO - ==liuq debug== 已启用拖拽: QMenu
2025-08-13 12:58:22,250 - gui.main_window - INFO - ==liuq debug== 已启用拖拽: QStatusBar
2025-08-13 12:58:22,250 - gui.main_window - INFO - ==liuq debug== 已启用拖拽: QSizeGrip
2025-08-13 12:58:22,250 - gui.main_window - INFO - ==liuq debug== 已启用拖拽: QLabel
2025-08-13 12:58:22,250 - gui.main_window - INFO - ==liuq debug== 已在 QApplication 安装全局事件过滤器
2025-08-13 12:58:22,250 - gui.main_window - INFO - ==liuq debug== BOOT_SIGNATURE: DnD_v3_pywin32_enabled
2025-08-13 12:58:22,251 - gui.main_window - INFO - ==liuq debug== 主窗口初始化完成
2025-08-13 12:58:22,252 - gui.main_window - INFO - ==liuq debug== 拖拽区域已创建并开始监控: D:\Users\w9065706\Desktop\FastMap_拖拽区域
2025-08-13 12:58:22,252 - gui.main_window - INFO - ==liuq debug== pywin 注册将于窗口显示后执行(SHOW)
2025-08-13 12:58:22,275 - gui.main_window - INFO - ==liuq debug== SHOW 事件触发
2025-08-13 12:58:22,275 - gui.main_window - INFO - ==liuq debug== 跳过pywin_drop注册（已删除失败的COM实现）
2025-08-13 12:58:22,435 - __main__ - INFO - ==liuq debug== 主窗口创建并显示成功
2025-08-13 12:58:22,435 - __main__ - INFO - ==liuq debug== 启动应用程序主循环
2025-08-13 12:58:34,409 - gui.main_window - INFO - ==liuq debug== 用户确认退出应用程序
2025-08-13 12:58:34,451 - __main__ - INFO - ==liuq debug== 应用程序退出，退出码: 0
2025-08-13 13:01:52,521 - __main__ - INFO - ==liuq debug== FastMapV2 日志系统初始化完成
2025-08-13 13:01:52,522 - __main__ - INFO - ==liuq debug== FastMapV2 应用程序启动
2025-08-13 13:01:53,097 - __main__ - INFO - ==liuq debug== 依赖检查通过
2025-08-13 13:01:53,115 - __main__ - INFO - ==liuq debug== QApplication创建成功
2025-08-13 13:01:53,124 - __main__ - INFO - ==liuq debug== 主窗口模块导入成功
2025-08-13 13:01:53,124 - gui.main_window - INFO - ==liuq debug== 开始初始化主窗口
2025-08-13 13:01:53,125 - gui.main_window - INFO - ==liuq debug== 顶层窗口预启用拖拽
2025-08-13 13:01:53,143 - core.interfaces.xml_data_processor - INFO - ==liuq debug== XML数据处理接口模块加载完成
2025-08-13 13:01:53,147 - core.interfaces.xml_field_definition - INFO - ==liuq debug== XML字段定义系统模块加载完成
2025-08-13 13:01:53,148 - core.interfaces.field_definition_provider - INFO - ==liuq debug== 字段定义提供者接口模块加载完成
2025-08-13 13:01:53,150 - core.interfaces.data_binding_manager - INFO - ==liuq debug== 数据绑定管理接口模块加载完成
2025-08-13 13:01:53,150 - core.interfaces - INFO - ==liuq debug== 核心接口模块加载完成
2025-08-13 13:01:53,151 - core.services.data_binding_manager_impl - INFO - ==liuq debug== 数据绑定管理器实现模块加载完成
2025-08-13 13:01:53,152 - core.services.field_editor_factory - INFO - ==liuq debug== 字段编辑器工厂初始化完成
2025-08-13 13:01:53,153 - core.services.field_editor_factory - INFO - ==liuq debug== 字段编辑器工厂模块加载完成
2025-08-13 13:01:53,154 - core.services.field_registry_service - INFO - ==liuq debug== 从XML_FIELD_CONFIG创建了 39 个字段定义
2025-08-13 13:01:53,155 - core.services.field_registry_service - INFO - ==liuq debug== 字段注册成功: alias_name -> 分组: basic
2025-08-13 13:01:53,155 - core.services.field_registry_service - INFO - ==liuq debug== 字段注册成功: x -> 分组: basic
2025-08-13 13:01:53,155 - core.services.field_registry_service - INFO - ==liuq debug== 字段注册成功: y -> 分组: basic
2025-08-13 13:01:53,155 - core.services.field_registry_service - INFO - ==liuq debug== 字段注册成功: weight -> 分组: basic
2025-08-13 13:01:53,156 - core.services.field_registry_service - INFO - ==liuq debug== 字段注册成功: trans_step -> 分组: basic
2025-08-13 13:01:53,156 - core.services.field_registry_service - INFO - ==liuq debug== 字段注册成功: offset_x -> 分组: basic
2025-08-13 13:01:53,156 - core.services.field_registry_service - INFO - ==liuq debug== 字段注册成功: offset_y -> 分组: basic
2025-08-13 13:01:53,156 - core.services.field_registry_service - INFO - ==liuq debug== 字段注册成功: bv_min -> 分组: ranges
2025-08-13 13:01:53,157 - core.services.field_registry_service - INFO - ==liuq debug== 字段注册成功: bv_max -> 分组: ranges
2025-08-13 13:01:53,157 - core.services.field_registry_service - INFO - ==liuq debug== 字段注册成功: tran_bv_min -> 分组: custom
2025-08-13 13:01:53,157 - core.services.field_registry_service - INFO - ==liuq debug== 字段注册成功: tran_bv_max -> 分组: custom
2025-08-13 13:01:53,157 - core.services.field_registry_service - INFO - ==liuq debug== 字段注册成功: ctemp_min -> 分组: ranges
2025-08-13 13:01:53,157 - core.services.field_registry_service - INFO - ==liuq debug== 字段注册成功: ctemp_max -> 分组: ranges
2025-08-13 13:01:53,158 - core.services.field_registry_service - INFO - ==liuq debug== 字段注册成功: tran_ctemp_min -> 分组: custom
2025-08-13 13:01:53,158 - core.services.field_registry_service - INFO - ==liuq debug== 字段注册成功: tran_ctemp_max -> 分组: custom
2025-08-13 13:01:53,158 - core.services.field_registry_service - INFO - ==liuq debug== 字段注册成功: ir_min -> 分组: ranges
2025-08-13 13:01:53,158 - core.services.field_registry_service - INFO - ==liuq debug== 字段注册成功: ir_max -> 分组: ranges
2025-08-13 13:01:53,159 - core.services.field_registry_service - INFO - ==liuq debug== 字段注册成功: tran_ir_min -> 分组: custom
2025-08-13 13:01:53,159 - core.services.field_registry_service - INFO - ==liuq debug== 字段注册成功: tran_ir_max -> 分组: custom
2025-08-13 13:01:53,159 - core.services.field_registry_service - INFO - ==liuq debug== 字段注册成功: ac_min -> 分组: ranges
2025-08-13 13:01:53,159 - core.services.field_registry_service - INFO - ==liuq debug== 字段注册成功: ac_max -> 分组: ranges
2025-08-13 13:01:53,159 - core.services.field_registry_service - INFO - ==liuq debug== 字段注册成功: tran_ac_min -> 分组: custom
2025-08-13 13:01:53,159 - core.services.field_registry_service - INFO - ==liuq debug== 字段注册成功: tran_ac_max -> 分组: custom
2025-08-13 13:01:53,160 - core.services.field_registry_service - INFO - ==liuq debug== 字段注册成功: count_min -> 分组: ranges
2025-08-13 13:01:53,160 - core.services.field_registry_service - INFO - ==liuq debug== 字段注册成功: count_max -> 分组: ranges
2025-08-13 13:01:53,160 - core.services.field_registry_service - INFO - ==liuq debug== 字段注册成功: tran_count_min -> 分组: custom
2025-08-13 13:01:53,160 - core.services.field_registry_service - INFO - ==liuq debug== 字段注册成功: tran_count_max -> 分组: custom
2025-08-13 13:01:53,160 - core.services.field_registry_service - INFO - ==liuq debug== 字段注册成功: color_cct_min -> 分组: ranges
2025-08-13 13:01:53,161 - core.services.field_registry_service - INFO - ==liuq debug== 字段注册成功: color_cct_max -> 分组: ranges
2025-08-13 13:01:53,161 - core.services.field_registry_service - INFO - ==liuq debug== 字段注册成功: tran_color_cct_min -> 分组: custom
2025-08-13 13:01:53,161 - core.services.field_registry_service - INFO - ==liuq debug== 字段注册成功: tran_color_cct_max -> 分组: custom
2025-08-13 13:01:53,161 - core.services.field_registry_service - INFO - ==liuq debug== 字段注册成功: diff_ctemp_min -> 分组: ranges
2025-08-13 13:01:53,161 - core.services.field_registry_service - INFO - ==liuq debug== 字段注册成功: diff_ctemp_max -> 分组: ranges
2025-08-13 13:01:53,162 - core.services.field_registry_service - INFO - ==liuq debug== 字段注册成功: tran_diff_ctemp_min -> 分组: custom
2025-08-13 13:01:53,162 - core.services.field_registry_service - INFO - ==liuq debug== 字段注册成功: tran_diff_ctemp_max -> 分组: custom
2025-08-13 13:01:53,162 - core.services.field_registry_service - INFO - ==liuq debug== 字段注册成功: face_ctemp_min -> 分组: ranges
2025-08-13 13:01:53,162 - core.services.field_registry_service - INFO - ==liuq debug== 字段注册成功: face_ctemp_max -> 分组: ranges
2025-08-13 13:01:53,162 - core.services.field_registry_service - INFO - ==liuq debug== 字段注册成功: tran_face_ctemp_min -> 分组: custom
2025-08-13 13:01:53,163 - core.services.field_registry_service - INFO - ==liuq debug== 字段注册成功: tran_face_ctemp_max -> 分组: custom
2025-08-13 13:01:53,163 - core.services.field_registry_service - INFO - ==liuq debug== 字段注册成功: ml -> 分组: ranges
2025-08-13 13:01:53,163 - core.services.field_registry_service - WARNING - ==liuq debug== 覆盖已存在的字段: weight
2025-08-13 13:01:53,163 - core.services.field_registry_service - INFO - ==liuq debug== 字段注册成功: weight -> 分组: basic
2025-08-13 13:01:53,163 - core.services.field_registry_service - WARNING - ==liuq debug== 覆盖已存在的字段: trans_step
2025-08-13 13:01:53,164 - core.services.field_registry_service - INFO - ==liuq debug== 字段注册成功: trans_step -> 分组: basic
2025-08-13 13:01:53,164 - core.services.field_registry_service - INFO - ==liuq debug== 字段注册成功: e_ratio_min -> 分组: ranges
2025-08-13 13:01:53,164 - core.services.field_registry_service - INFO - ==liuq debug== 字段注册成功: e_ratio_max -> 分组: ranges
2025-08-13 13:01:53,164 - core.services.field_registry_service - INFO - ==liuq debug== 字段注册成功: bv_range -> 分组: ranges
2025-08-13 13:01:53,164 - core.services.field_registry_service - INFO - ==liuq debug== 字段注册成功: ir_range -> 分组: ranges
2025-08-13 13:01:53,164 - core.services.field_registry_service - INFO - ==liuq debug== 字段注册成功: cct_range -> 分组: ranges
2025-08-13 13:01:53,165 - core.services.field_registry_service - INFO - ==liuq debug== 字段注册成功: detect_flag -> 分组: advanced
2025-08-13 13:01:53,165 - core.services.field_registry_service - INFO - ==liuq debug== 预定义字段注册完成，共注册 48 个字段（包含 39 个XML配置字段）
2025-08-13 13:01:53,165 - core.services.field_registry_service - INFO - ==liuq debug== 字段注册服务初始化完成
2025-08-13 13:01:53,165 - core.services.field_registry_service - INFO - ==liuq debug== 字段注册服务模块加载完成
2025-08-13 13:01:53,174 - core.services.xml_writer_service - INFO - ==liuq debug== XML写入服务模块加载完成
2025-08-13 13:01:53,177 - core.managers.table_column_manager - INFO - ==liuq debug== 表格列管理器初始化完成
2025-08-13 13:01:53,177 - core.managers.table_column_manager - INFO - ==liuq debug== 表格列管理器模块加载完成
2025-08-13 13:01:53,179 - core.services.data_binding_manager_impl - INFO - ==liuq debug== 数据绑定管理器初始化完成
2025-08-13 13:01:53,179 - gui.widgets.map_table_widget - INFO - ==liuq debug== 从字段注册系统获取到 46 个可编辑字段
2025-08-13 13:01:53,179 - core.managers.table_column_manager - INFO - ==liuq debug== 开始生成默认表格配置（基于核心字段的动态模式）
2025-08-13 13:01:53,179 - core.managers.table_column_manager - INFO - ==liuq debug== 找到 40 个核心字段用于默认表格配置
2025-08-13 13:01:53,180 - core.managers.table_column_manager - INFO - ==liuq debug== 40列配置验证通过
2025-08-13 13:01:53,180 - core.managers.table_column_manager - INFO - ==liuq debug== 默认表格配置生成完成，共 40 列（40列兼容模式）
2025-08-13 13:01:53,180 - gui.widgets.map_table_widget - INFO - ==liuq debug== 表格配置初始化完成，共 40 个可见列
2025-08-13 13:01:53,180 - gui.widgets.map_table_widget - INFO - ==liuq debug== 表格配置初始化完成，共 40 个可见列
2025-08-13 13:01:53,196 - gui.widgets.map_table_widget - INFO - ==liuq debug== 设置表格，共 40 个可见列
2025-08-13 13:01:53,621 - gui.widgets.map_table_widget - INFO - ==liuq debug== 加载字段定义完成，共 46 个字段
2025-08-13 13:01:53,621 - gui.widgets.map_table_widget - INFO - ==liuq debug== 启用表格单元格编辑功能
2025-08-13 13:01:53,621 - gui.widgets.map_table_widget - INFO - ==liuq debug== Map点表格组件初始化完成
2025-08-13 13:01:54,022 - gui.widgets.map_shape_viewer - INFO - ==liuq debug== Map形状查看器UI设置完成
2025-08-13 13:01:54,023 - gui.widgets.map_shape_viewer - INFO - ==liuq debug== Map形状查看器初始化完成
2025-08-13 13:01:54,052 - gui.styles.theme - INFO - ==liuq debug== FastMapV2主题初始化完成: light
2025-08-13 13:01:54,053 - core.services.unified_report_manager - INFO - ==liuq debug== 加载历史记录: 0条
2025-08-13 13:01:54,053 - core.services.unified_report_manager - INFO - ==liuq debug== 统一报告管理器初始化完成
2025-08-13 13:01:54,435 - gui.tabs.analysis_report_tab - INFO - ==liuq debug== 刷新历史记录: 0条
2025-08-13 13:01:54,436 - gui.tabs.analysis_report_tab - INFO - ==liuq debug== 分析报告标签页初始化完成
2025-08-13 13:01:54,488 - utils.win_drop - INFO - ==liuq debug== DragAcceptFiles调用，hwnd=0xde63f02
2025-08-13 13:01:54,488 - utils.win_drop - INFO - ==liuq debug== 原生事件过滤器安装成功
2025-08-13 13:01:54,488 - gui.main_window - INFO - ==liuq debug== 已安装 Windows 原生拖拽过滤器 (WM_DROPFILES) phase=create_tabs hwnd=233193218
2025-08-13 13:01:54,489 - gui.main_window - INFO - ==liuq debug== 所有标签页创建完成
2025-08-13 13:01:54,496 - gui.main_window - INFO - ==liuq debug== 界面样式设置完成
2025-08-13 13:01:54,497 - gui.main_window - INFO - ==liuq debug== UI界面设置完成
2025-08-13 13:01:54,511 - gui.main_window - INFO - ==liuq debug== 菜单栏设置完成
2025-08-13 13:01:54,512 - gui.main_window - INFO - ==liuq debug== 状态栏设置完成
2025-08-13 13:01:54,512 - gui.main_window - INFO - ==liuq debug== 信号连接设置完成
2025-08-13 13:01:54,513 - gui.main_window - INFO - ==liuq debug== 已启用拖拽: MainWindow
2025-08-13 13:01:54,514 - gui.main_window - INFO - ==liuq debug== 已启用拖拽: QWidget
2025-08-13 13:01:54,515 - gui.main_window - INFO - ==liuq debug== 已启用拖拽: QTabWidget
2025-08-13 13:01:54,515 - gui.main_window - INFO - ==liuq debug== 已启用拖拽: QStackedWidget
2025-08-13 13:01:54,515 - gui.main_window - INFO - ==liuq debug== 已启用拖拽: AnalysisReportTab
2025-08-13 13:01:54,516 - gui.main_window - INFO - ==liuq debug== 已启用拖拽: QLabel
2025-08-13 13:01:54,516 - gui.main_window - INFO - ==liuq debug== 已启用拖拽: QSplitter
2025-08-13 13:01:54,516 - gui.main_window - INFO - ==liuq debug== 已启用拖拽: QGroupBox
2025-08-13 13:01:54,516 - gui.main_window - INFO - ==liuq debug== 已启用拖拽: QPushButton
2025-08-13 13:01:54,517 - gui.main_window - INFO - ==liuq debug== 已启用拖拽: QPushButton
2025-08-13 13:01:54,518 - gui.main_window - INFO - ==liuq debug== 已启用拖拽: QTableWidget
2025-08-13 13:01:54,518 - gui.main_window - INFO - ==liuq debug== 已启用拖拽: QWidget
2025-08-13 13:01:54,518 - gui.main_window - INFO - ==liuq debug== 已启用拖拽: QWidget
2025-08-13 13:01:54,519 - gui.main_window - INFO - ==liuq debug== 已启用拖拽: QWidget
2025-08-13 13:01:54,519 - gui.main_window - INFO - ==liuq debug== 已启用拖拽: QScrollBar
2025-08-13 13:01:54,519 - gui.main_window - INFO - ==liuq debug== 已启用拖拽: QWidget
2025-08-13 13:01:54,519 - gui.main_window - INFO - ==liuq debug== 已启用拖拽: QScrollBar
2025-08-13 13:01:54,520 - gui.main_window - INFO - ==liuq debug== 已启用拖拽: QHeaderView
2025-08-13 13:01:54,520 - gui.main_window - INFO - ==liuq debug== 已启用拖拽: QWidget
2025-08-13 13:01:54,520 - gui.main_window - INFO - ==liuq debug== 已启用拖拽: QWidget
2025-08-13 13:01:54,520 - gui.main_window - INFO - ==liuq debug== 已启用拖拽: QWidget
2025-08-13 13:01:54,521 - gui.main_window - INFO - ==liuq debug== 已启用拖拽: QScrollBar
2025-08-13 13:01:54,521 - gui.main_window - INFO - ==liuq debug== 已启用拖拽: QWidget
2025-08-13 13:01:54,521 - gui.main_window - INFO - ==liuq debug== 已启用拖拽: QScrollBar
2025-08-13 13:01:54,521 - gui.main_window - INFO - ==liuq debug== 已启用拖拽: QHeaderView
2025-08-13 13:01:54,522 - gui.main_window - INFO - ==liuq debug== 已启用拖拽: QWidget
2025-08-13 13:01:54,522 - gui.main_window - INFO - ==liuq debug== 已启用拖拽: QWidget
2025-08-13 13:01:54,522 - gui.main_window - INFO - ==liuq debug== 已启用拖拽: QWidget
2025-08-13 13:01:54,522 - gui.main_window - INFO - ==liuq debug== 已启用拖拽: QScrollBar
2025-08-13 13:01:54,522 - gui.main_window - INFO - ==liuq debug== 已启用拖拽: QWidget
2025-08-13 13:01:54,523 - gui.main_window - INFO - ==liuq debug== 已启用拖拽: QScrollBar
2025-08-13 13:01:54,523 - gui.main_window - INFO - ==liuq debug== 已启用拖拽: QAbstractButton
2025-08-13 13:01:54,523 - gui.main_window - INFO - ==liuq debug== 已启用拖拽: QGroupBox
2025-08-13 13:01:54,523 - gui.main_window - INFO - ==liuq debug== 已启用拖拽: QPushButton
2025-08-13 13:01:54,524 - gui.main_window - INFO - ==liuq debug== 已启用拖拽: QPushButton
2025-08-13 13:01:54,524 - gui.main_window - INFO - ==liuq debug== 已启用拖拽: QPushButton
2025-08-13 13:01:54,524 - gui.main_window - INFO - ==liuq debug== 已启用拖拽: QSplitterHandle
2025-08-13 13:01:54,524 - gui.main_window - INFO - ==liuq debug== 已启用拖拽: QSplitterHandle
2025-08-13 13:01:54,525 - gui.main_window - INFO - ==liuq debug== 已启用拖拽: QWidget
2025-08-13 13:01:54,525 - gui.main_window - INFO - ==liuq debug== 已启用拖拽: QProgressBar
2025-08-13 13:01:54,525 - gui.main_window - INFO - ==liuq debug== 已启用拖拽: QLabel
2025-08-13 13:01:54,525 - gui.main_window - INFO - ==liuq debug== 已启用拖拽: QWidget
2025-08-13 13:01:54,525 - gui.main_window - INFO - ==liuq debug== 已启用拖拽: QLabel
2025-08-13 13:01:54,526 - gui.main_window - INFO - ==liuq debug== 已启用拖拽: QLabel
2025-08-13 13:01:54,526 - gui.main_window - INFO - ==liuq debug== 已启用拖拽: QWidget
2025-08-13 13:01:54,526 - gui.main_window - INFO - ==liuq debug== 已启用拖拽: QLabel
2025-08-13 13:01:54,526 - gui.main_window - INFO - ==liuq debug== 已启用拖拽: QLabel
2025-08-13 13:01:54,527 - gui.main_window - INFO - ==liuq debug== 已启用拖拽: ExifProcessingTab
2025-08-13 13:01:54,527 - gui.main_window - INFO - ==liuq debug== 已启用拖拽: QLabel
2025-08-13 13:01:54,527 - gui.main_window - INFO - ==liuq debug== 已启用拖拽: QLineEdit
2025-08-13 13:01:54,527 - gui.main_window - INFO - ==liuq debug== 已启用拖拽: QPushButton
2025-08-13 13:01:54,527 - gui.main_window - INFO - ==liuq debug== 已启用拖拽: QLabel
2025-08-13 13:01:54,528 - gui.main_window - INFO - ==liuq debug== 已启用拖拽: QListWidget
2025-08-13 13:01:54,528 - gui.main_window - INFO - ==liuq debug== 已启用拖拽: QWidget
2025-08-13 13:01:54,528 - gui.main_window - INFO - ==liuq debug== 已启用拖拽: QWidget
2025-08-13 13:01:54,528 - gui.main_window - INFO - ==liuq debug== 已启用拖拽: QWidget
2025-08-13 13:01:54,528 - gui.main_window - INFO - ==liuq debug== 已启用拖拽: QScrollBar
2025-08-13 13:01:54,528 - gui.main_window - INFO - ==liuq debug== 已启用拖拽: QWidget
2025-08-13 13:01:54,529 - gui.main_window - INFO - ==liuq debug== 已启用拖拽: QScrollBar
2025-08-13 13:01:54,529 - gui.main_window - INFO - ==liuq debug== 已启用拖拽: QLabel
2025-08-13 13:01:54,529 - gui.main_window - INFO - ==liuq debug== 已启用拖拽: QPushButton
2025-08-13 13:01:54,529 - gui.main_window - INFO - ==liuq debug== 已启用拖拽: QPushButton
2025-08-13 13:01:54,529 - gui.main_window - INFO - ==liuq debug== 已启用拖拽: QPushButton
2025-08-13 13:01:54,530 - gui.main_window - INFO - ==liuq debug== 已启用拖拽: QPushButton
2025-08-13 13:01:54,530 - gui.main_window - INFO - ==liuq debug== 已启用拖拽: QPushButton
2025-08-13 13:01:54,530 - gui.main_window - INFO - ==liuq debug== 已启用拖拽: QPushButton
2025-08-13 13:01:54,530 - gui.main_window - INFO - ==liuq debug== 已启用拖拽: QPushButton
2025-08-13 13:01:54,530 - gui.main_window - INFO - ==liuq debug== 已启用拖拽: QPushButton
2025-08-13 13:01:54,531 - gui.main_window - INFO - ==liuq debug== 已启用拖拽: QCheckBox
2025-08-13 13:01:54,531 - gui.main_window - INFO - ==liuq debug== 已启用拖拽: QCheckBox
2025-08-13 13:01:54,531 - gui.main_window - INFO - ==liuq debug== 已启用拖拽: QLabel
2025-08-13 13:01:54,531 - gui.main_window - INFO - ==liuq debug== 已启用拖拽: QLineEdit
2025-08-13 13:01:54,531 - gui.main_window - INFO - ==liuq debug== 已启用拖拽: QPushButton
2025-08-13 13:01:54,531 - gui.main_window - INFO - ==liuq debug== 已启用拖拽: QPushButton
2025-08-13 13:01:54,532 - gui.main_window - INFO - ==liuq debug== 已启用拖拽: QLabel
2025-08-13 13:01:54,532 - gui.main_window - INFO - ==liuq debug== 已启用拖拽: QPushButton
2025-08-13 13:01:54,532 - gui.main_window - INFO - ==liuq debug== 已启用拖拽: QPushButton
2025-08-13 13:01:54,532 - gui.main_window - INFO - ==liuq debug== 已启用拖拽: QWidget
2025-08-13 13:01:54,532 - gui.main_window - INFO - ==liuq debug== 已启用拖拽: QLabel
2025-08-13 13:01:54,532 - gui.main_window - INFO - ==liuq debug== 已启用拖拽: QLabel
2025-08-13 13:01:54,533 - gui.main_window - INFO - ==liuq debug== 已启用拖拽: QPushButton
2025-08-13 13:01:54,533 - gui.main_window - INFO - ==liuq debug== 已启用拖拽: QSplitter
2025-08-13 13:01:54,533 - gui.main_window - INFO - ==liuq debug== 已启用拖拽: MapShapeViewer
2025-08-13 13:01:54,533 - gui.main_window - INFO - ==liuq debug== 已启用拖拽: QLabel
2025-08-13 13:01:54,533 - gui.main_window - INFO - ==liuq debug== 已启用拖拽: FigureCanvasQTAgg
2025-08-13 13:01:54,534 - gui.main_window - INFO - ==liuq debug== 已启用拖拽: QLabel
2025-08-13 13:01:54,534 - gui.main_window - INFO - ==liuq debug== 已启用拖拽: MapTableWidget
2025-08-13 13:01:54,534 - gui.main_window - INFO - ==liuq debug== 已启用拖拽: QLabel
2025-08-13 13:01:54,534 - gui.main_window - INFO - ==liuq debug== 已启用拖拽: QLabel
2025-08-13 13:01:54,534 - gui.main_window - INFO - ==liuq debug== 已启用拖拽: QLineEdit
2025-08-13 13:01:54,535 - gui.main_window - INFO - ==liuq debug== 已启用拖拽: QPushButton
2025-08-13 13:01:54,535 - gui.main_window - INFO - ==liuq debug== 已启用拖拽: QTableWidget
2025-08-13 13:01:54,535 - gui.main_window - INFO - ==liuq debug== 已启用拖拽: QWidget
2025-08-13 13:01:54,535 - gui.main_window - INFO - ==liuq debug== 已启用拖拽: QWidget
2025-08-13 13:01:54,536 - gui.main_window - INFO - ==liuq debug== 已启用拖拽: QWidget
2025-08-13 13:01:54,536 - gui.main_window - INFO - ==liuq debug== 已启用拖拽: QScrollBar
2025-08-13 13:01:54,536 - gui.main_window - INFO - ==liuq debug== 已启用拖拽: QHeaderView
2025-08-13 13:01:54,536 - gui.main_window - INFO - ==liuq debug== 已启用拖拽: QWidget
2025-08-13 13:01:54,537 - gui.main_window - INFO - ==liuq debug== 已启用拖拽: QWidget
2025-08-13 13:01:54,537 - gui.main_window - INFO - ==liuq debug== 已启用拖拽: QWidget
2025-08-13 13:01:54,537 - gui.main_window - INFO - ==liuq debug== 已启用拖拽: QScrollBar
2025-08-13 13:01:54,537 - gui.main_window - INFO - ==liuq debug== 已启用拖拽: QWidget
2025-08-13 13:01:54,537 - gui.main_window - INFO - ==liuq debug== 已启用拖拽: QScrollBar
2025-08-13 13:01:54,538 - gui.main_window - INFO - ==liuq debug== 已启用拖拽: QAbstractButton
2025-08-13 13:01:54,538 - gui.main_window - INFO - ==liuq debug== 已启用拖拽: SimpleHeaderView
2025-08-13 13:01:54,538 - gui.main_window - INFO - ==liuq debug== 已启用拖拽: QWidget
2025-08-13 13:01:54,539 - gui.main_window - INFO - ==liuq debug== 已启用拖拽: QWidget
2025-08-13 13:01:54,539 - gui.main_window - INFO - ==liuq debug== 已启用拖拽: QWidget
2025-08-13 13:01:54,539 - gui.main_window - INFO - ==liuq debug== 已启用拖拽: QScrollBar
2025-08-13 13:01:54,539 - gui.main_window - INFO - ==liuq debug== 已启用拖拽: QWidget
2025-08-13 13:01:54,539 - gui.main_window - INFO - ==liuq debug== 已启用拖拽: QScrollBar
2025-08-13 13:01:54,540 - gui.main_window - INFO - ==liuq debug== 已启用拖拽: QWidget
2025-08-13 13:01:54,540 - gui.main_window - INFO - ==liuq debug== 已启用拖拽: QScrollBar
2025-08-13 13:01:54,540 - gui.main_window - INFO - ==liuq debug== 已启用拖拽: QLabel
2025-08-13 13:01:54,540 - gui.main_window - INFO - ==liuq debug== 已启用拖拽: QSplitterHandle
2025-08-13 13:01:54,540 - gui.main_window - INFO - ==liuq debug== 已启用拖拽: QSplitterHandle
2025-08-13 13:01:54,541 - gui.main_window - INFO - ==liuq debug== 已启用拖拽: QTabBar
2025-08-13 13:01:54,541 - gui.main_window - INFO - ==liuq debug== 已启用拖拽: QToolButton
2025-08-13 13:01:54,541 - gui.main_window - INFO - ==liuq debug== 已启用拖拽: QToolButton
2025-08-13 13:01:54,541 - gui.main_window - INFO - ==liuq debug== 已启用拖拽: QMenuBar
2025-08-13 13:01:54,541 - gui.main_window - INFO - ==liuq debug== 已启用拖拽: QToolButton
2025-08-13 13:01:54,542 - gui.main_window - INFO - ==liuq debug== 已启用拖拽: QMenu
2025-08-13 13:01:54,542 - gui.main_window - INFO - ==liuq debug== 已启用拖拽: QMenu
2025-08-13 13:01:54,542 - gui.main_window - INFO - ==liuq debug== 已启用拖拽: QMenu
2025-08-13 13:01:54,542 - gui.main_window - INFO - ==liuq debug== 已启用拖拽: QStatusBar
2025-08-13 13:01:54,542 - gui.main_window - INFO - ==liuq debug== 已启用拖拽: QSizeGrip
2025-08-13 13:01:54,542 - gui.main_window - INFO - ==liuq debug== 已启用拖拽: QLabel
2025-08-13 13:01:54,543 - gui.main_window - INFO - ==liuq debug== 已在 QApplication 安装全局事件过滤器
2025-08-13 13:01:54,543 - gui.main_window - INFO - ==liuq debug== BOOT_SIGNATURE: DnD_v3_pywin32_enabled
2025-08-13 13:01:54,543 - gui.main_window - INFO - ==liuq debug== 主窗口初始化完成
2025-08-13 13:01:54,544 - gui.main_window - INFO - ==liuq debug== 拖拽区域已创建并开始监控: D:\Users\w9065706\Desktop\FastMap_拖拽区域
2025-08-13 13:01:54,544 - gui.main_window - INFO - ==liuq debug== pywin 注册将于窗口显示后执行(SHOW)
2025-08-13 13:01:54,562 - gui.main_window - INFO - ==liuq debug== SHOW 事件触发
2025-08-13 13:01:54,563 - gui.main_window - INFO - ==liuq debug== 跳过pywin_drop注册（已删除失败的COM实现）
2025-08-13 13:01:54,668 - __main__ - INFO - ==liuq debug== 主窗口创建并显示成功
2025-08-13 13:01:54,669 - __main__ - INFO - ==liuq debug== 启动应用程序主循环
2025-08-13 13:02:30,817 - gui.main_window - INFO - ==liuq debug== 切换到标签页: EXIF处理
2025-08-13 14:20:10,826 - __main__ - INFO - ==liuq debug== FastMapV2 日志系统初始化完成
2025-08-13 14:20:10,827 - __main__ - INFO - ==liuq debug== FastMapV2 应用程序启动
2025-08-13 14:20:13,167 - __main__ - INFO - ==liuq debug== 依赖检查通过
2025-08-13 14:20:13,190 - __main__ - INFO - ==liuq debug== QApplication创建成功
2025-08-13 14:20:13,200 - __main__ - INFO - ==liuq debug== 主窗口模块导入成功
2025-08-13 14:20:13,201 - gui.main_window - INFO - ==liuq debug== 开始初始化主窗口
2025-08-13 14:20:13,201 - gui.main_window - INFO - ==liuq debug== 顶层窗口预启用拖拽
2025-08-13 14:20:13,231 - core.interfaces.xml_data_processor - INFO - ==liuq debug== XML数据处理接口模块加载完成
2025-08-13 14:20:13,236 - core.interfaces.xml_field_definition - INFO - ==liuq debug== XML字段定义系统模块加载完成
2025-08-13 14:20:13,237 - core.interfaces.field_definition_provider - INFO - ==liuq debug== 字段定义提供者接口模块加载完成
2025-08-13 14:20:13,240 - core.interfaces.data_binding_manager - INFO - ==liuq debug== 数据绑定管理接口模块加载完成
2025-08-13 14:20:13,240 - core.interfaces - INFO - ==liuq debug== 核心接口模块加载完成
2025-08-13 14:20:13,240 - core.services.data_binding_manager_impl - INFO - ==liuq debug== 数据绑定管理器实现模块加载完成
2025-08-13 14:20:13,242 - core.services.field_editor_factory - INFO - ==liuq debug== 字段编辑器工厂初始化完成
2025-08-13 14:20:13,243 - core.services.field_editor_factory - INFO - ==liuq debug== 字段编辑器工厂模块加载完成
2025-08-13 14:20:13,245 - core.services.field_registry_service - INFO - ==liuq debug== 从XML_FIELD_CONFIG创建了 39 个字段定义
2025-08-13 14:20:13,245 - core.services.field_registry_service - INFO - ==liuq debug== 字段注册成功: alias_name -> 分组: basic
2025-08-13 14:20:13,246 - core.services.field_registry_service - INFO - ==liuq debug== 字段注册成功: x -> 分组: basic
2025-08-13 14:20:13,246 - core.services.field_registry_service - INFO - ==liuq debug== 字段注册成功: y -> 分组: basic
2025-08-13 14:20:13,246 - core.services.field_registry_service - INFO - ==liuq debug== 字段注册成功: weight -> 分组: basic
2025-08-13 14:20:13,246 - core.services.field_registry_service - INFO - ==liuq debug== 字段注册成功: trans_step -> 分组: basic
2025-08-13 14:20:13,246 - core.services.field_registry_service - INFO - ==liuq debug== 字段注册成功: offset_x -> 分组: basic
2025-08-13 14:20:13,247 - core.services.field_registry_service - INFO - ==liuq debug== 字段注册成功: offset_y -> 分组: basic
2025-08-13 14:20:13,247 - core.services.field_registry_service - INFO - ==liuq debug== 字段注册成功: bv_min -> 分组: ranges
2025-08-13 14:20:13,247 - core.services.field_registry_service - INFO - ==liuq debug== 字段注册成功: bv_max -> 分组: ranges
2025-08-13 14:20:13,247 - core.services.field_registry_service - INFO - ==liuq debug== 字段注册成功: tran_bv_min -> 分组: custom
2025-08-13 14:20:13,247 - core.services.field_registry_service - INFO - ==liuq debug== 字段注册成功: tran_bv_max -> 分组: custom
2025-08-13 14:20:13,248 - core.services.field_registry_service - INFO - ==liuq debug== 字段注册成功: ctemp_min -> 分组: ranges
2025-08-13 14:20:13,248 - core.services.field_registry_service - INFO - ==liuq debug== 字段注册成功: ctemp_max -> 分组: ranges
2025-08-13 14:20:13,248 - core.services.field_registry_service - INFO - ==liuq debug== 字段注册成功: tran_ctemp_min -> 分组: custom
2025-08-13 14:20:13,248 - core.services.field_registry_service - INFO - ==liuq debug== 字段注册成功: tran_ctemp_max -> 分组: custom
2025-08-13 14:20:13,248 - core.services.field_registry_service - INFO - ==liuq debug== 字段注册成功: ir_min -> 分组: ranges
2025-08-13 14:20:13,249 - core.services.field_registry_service - INFO - ==liuq debug== 字段注册成功: ir_max -> 分组: ranges
2025-08-13 14:20:13,249 - core.services.field_registry_service - INFO - ==liuq debug== 字段注册成功: tran_ir_min -> 分组: custom
2025-08-13 14:20:13,249 - core.services.field_registry_service - INFO - ==liuq debug== 字段注册成功: tran_ir_max -> 分组: custom
2025-08-13 14:20:13,249 - core.services.field_registry_service - INFO - ==liuq debug== 字段注册成功: ac_min -> 分组: ranges
2025-08-13 14:20:13,249 - core.services.field_registry_service - INFO - ==liuq debug== 字段注册成功: ac_max -> 分组: ranges
2025-08-13 14:20:13,250 - core.services.field_registry_service - INFO - ==liuq debug== 字段注册成功: tran_ac_min -> 分组: custom
2025-08-13 14:20:13,250 - core.services.field_registry_service - INFO - ==liuq debug== 字段注册成功: tran_ac_max -> 分组: custom
2025-08-13 14:20:13,250 - core.services.field_registry_service - INFO - ==liuq debug== 字段注册成功: count_min -> 分组: ranges
2025-08-13 14:20:13,250 - core.services.field_registry_service - INFO - ==liuq debug== 字段注册成功: count_max -> 分组: ranges
2025-08-13 14:20:13,250 - core.services.field_registry_service - INFO - ==liuq debug== 字段注册成功: tran_count_min -> 分组: custom
2025-08-13 14:20:13,250 - core.services.field_registry_service - INFO - ==liuq debug== 字段注册成功: tran_count_max -> 分组: custom
2025-08-13 14:20:13,250 - core.services.field_registry_service - INFO - ==liuq debug== 字段注册成功: color_cct_min -> 分组: ranges
2025-08-13 14:20:13,251 - core.services.field_registry_service - INFO - ==liuq debug== 字段注册成功: color_cct_max -> 分组: ranges
2025-08-13 14:20:13,251 - core.services.field_registry_service - INFO - ==liuq debug== 字段注册成功: tran_color_cct_min -> 分组: custom
2025-08-13 14:20:13,251 - core.services.field_registry_service - INFO - ==liuq debug== 字段注册成功: tran_color_cct_max -> 分组: custom
2025-08-13 14:20:13,251 - core.services.field_registry_service - INFO - ==liuq debug== 字段注册成功: diff_ctemp_min -> 分组: ranges
2025-08-13 14:20:13,251 - core.services.field_registry_service - INFO - ==liuq debug== 字段注册成功: diff_ctemp_max -> 分组: ranges
2025-08-13 14:20:13,251 - core.services.field_registry_service - INFO - ==liuq debug== 字段注册成功: tran_diff_ctemp_min -> 分组: custom
2025-08-13 14:20:13,252 - core.services.field_registry_service - INFO - ==liuq debug== 字段注册成功: tran_diff_ctemp_max -> 分组: custom
2025-08-13 14:20:13,252 - core.services.field_registry_service - INFO - ==liuq debug== 字段注册成功: face_ctemp_min -> 分组: ranges
2025-08-13 14:20:13,252 - core.services.field_registry_service - INFO - ==liuq debug== 字段注册成功: face_ctemp_max -> 分组: ranges
2025-08-13 14:20:13,252 - core.services.field_registry_service - INFO - ==liuq debug== 字段注册成功: tran_face_ctemp_min -> 分组: custom
2025-08-13 14:20:13,252 - core.services.field_registry_service - INFO - ==liuq debug== 字段注册成功: tran_face_ctemp_max -> 分组: custom
2025-08-13 14:20:13,252 - core.services.field_registry_service - INFO - ==liuq debug== 字段注册成功: ml -> 分组: ranges
2025-08-13 14:20:13,253 - core.services.field_registry_service - WARNING - ==liuq debug== 覆盖已存在的字段: weight
2025-08-13 14:20:13,253 - core.services.field_registry_service - INFO - ==liuq debug== 字段注册成功: weight -> 分组: basic
2025-08-13 14:20:13,253 - core.services.field_registry_service - WARNING - ==liuq debug== 覆盖已存在的字段: trans_step
2025-08-13 14:20:13,253 - core.services.field_registry_service - INFO - ==liuq debug== 字段注册成功: trans_step -> 分组: basic
2025-08-13 14:20:13,254 - core.services.field_registry_service - INFO - ==liuq debug== 字段注册成功: e_ratio_min -> 分组: ranges
2025-08-13 14:20:13,254 - core.services.field_registry_service - INFO - ==liuq debug== 字段注册成功: e_ratio_max -> 分组: ranges
2025-08-13 14:20:13,254 - core.services.field_registry_service - INFO - ==liuq debug== 字段注册成功: bv_range -> 分组: ranges
2025-08-13 14:20:13,254 - core.services.field_registry_service - INFO - ==liuq debug== 字段注册成功: ir_range -> 分组: ranges
2025-08-13 14:20:13,255 - core.services.field_registry_service - INFO - ==liuq debug== 字段注册成功: cct_range -> 分组: ranges
2025-08-13 14:20:13,255 - core.services.field_registry_service - INFO - ==liuq debug== 字段注册成功: detect_flag -> 分组: advanced
2025-08-13 14:20:13,255 - core.services.field_registry_service - INFO - ==liuq debug== 预定义字段注册完成，共注册 48 个字段（包含 39 个XML配置字段）
2025-08-13 14:20:13,255 - core.services.field_registry_service - INFO - ==liuq debug== 字段注册服务初始化完成
2025-08-13 14:20:13,255 - core.services.field_registry_service - INFO - ==liuq debug== 字段注册服务模块加载完成
2025-08-13 14:20:13,319 - core.services.xml_writer_service - INFO - ==liuq debug== XML写入服务模块加载完成
2025-08-13 14:20:13,322 - core.managers.table_column_manager - INFO - ==liuq debug== 表格列管理器初始化完成
2025-08-13 14:20:13,323 - core.managers.table_column_manager - INFO - ==liuq debug== 表格列管理器模块加载完成
2025-08-13 14:20:13,326 - core.services.data_binding_manager_impl - INFO - ==liuq debug== 数据绑定管理器初始化完成
2025-08-13 14:20:13,327 - gui.widgets.map_table_widget - INFO - ==liuq debug== 从字段注册系统获取到 46 个可编辑字段
2025-08-13 14:20:13,328 - core.managers.table_column_manager - INFO - ==liuq debug== 开始生成默认表格配置（基于核心字段的动态模式）
2025-08-13 14:20:13,328 - core.managers.table_column_manager - INFO - ==liuq debug== 找到 40 个核心字段用于默认表格配置
2025-08-13 14:20:13,329 - core.managers.table_column_manager - INFO - ==liuq debug== 40列配置验证通过
2025-08-13 14:20:13,329 - core.managers.table_column_manager - INFO - ==liuq debug== 默认表格配置生成完成，共 40 列（40列兼容模式）
2025-08-13 14:20:13,329 - gui.widgets.map_table_widget - INFO - ==liuq debug== 表格配置初始化完成，共 40 个可见列
2025-08-13 14:20:13,329 - gui.widgets.map_table_widget - INFO - ==liuq debug== 表格配置初始化完成，共 40 个可见列
2025-08-13 14:20:13,363 - gui.widgets.map_table_widget - INFO - ==liuq debug== 设置表格，共 40 个可见列
2025-08-13 14:20:13,781 - gui.widgets.map_table_widget - INFO - ==liuq debug== 加载字段定义完成，共 46 个字段
2025-08-13 14:20:13,782 - gui.widgets.map_table_widget - INFO - ==liuq debug== 启用表格单元格编辑功能
2025-08-13 14:20:13,783 - gui.widgets.map_table_widget - INFO - ==liuq debug== Map点表格组件初始化完成
2025-08-13 14:20:14,642 - gui.widgets.map_shape_viewer - INFO - ==liuq debug== Map形状查看器UI设置完成
2025-08-13 14:20:14,642 - gui.widgets.map_shape_viewer - INFO - ==liuq debug== Map形状查看器初始化完成
2025-08-13 14:20:14,722 - gui.styles.theme - INFO - ==liuq debug== FastMapV2主题初始化完成: light
2025-08-13 14:20:14,724 - core.services.unified_report_manager - INFO - ==liuq debug== 加载历史记录: 0条
2025-08-13 14:20:14,724 - core.services.unified_report_manager - INFO - ==liuq debug== 统一报告管理器初始化完成
2025-08-13 14:20:15,280 - gui.tabs.analysis_report_tab - INFO - ==liuq debug== 刷新历史记录: 0条
2025-08-13 14:20:15,280 - gui.tabs.analysis_report_tab - INFO - ==liuq debug== 分析报告标签页初始化完成
2025-08-13 14:20:15,398 - utils.win_drop - INFO - ==liuq debug== DragAcceptFiles调用，hwnd=0x7443db6
2025-08-13 14:20:15,401 - utils.win_drop - INFO - ==liuq debug== 原生事件过滤器安装成功
2025-08-13 14:20:15,402 - gui.main_window - INFO - ==liuq debug== 已安装 Windows 原生拖拽过滤器 (WM_DROPFILES) phase=create_tabs hwnd=121912758
2025-08-13 14:20:15,402 - gui.main_window - INFO - ==liuq debug== 所有标签页创建完成
2025-08-13 14:20:15,434 - gui.main_window - INFO - ==liuq debug== 界面样式设置完成
2025-08-13 14:20:15,434 - gui.main_window - INFO - ==liuq debug== UI界面设置完成
2025-08-13 14:20:15,775 - gui.main_window - INFO - ==liuq debug== 菜单栏设置完成
2025-08-13 14:20:15,776 - gui.main_window - INFO - ==liuq debug== 状态栏设置完成
2025-08-13 14:20:15,777 - gui.main_window - INFO - ==liuq debug== 信号连接设置完成
2025-08-13 14:20:15,777 - gui.main_window - INFO - ==liuq debug== 已启用拖拽: MainWindow
2025-08-13 14:20:15,780 - gui.main_window - INFO - ==liuq debug== 已启用拖拽: QWidget
2025-08-13 14:20:15,780 - gui.main_window - INFO - ==liuq debug== 已启用拖拽: QTabWidget
2025-08-13 14:20:15,781 - gui.main_window - INFO - ==liuq debug== 已启用拖拽: QStackedWidget
2025-08-13 14:20:15,781 - gui.main_window - INFO - ==liuq debug== 已启用拖拽: AnalysisReportTab
2025-08-13 14:20:15,781 - gui.main_window - INFO - ==liuq debug== 已启用拖拽: QLabel
2025-08-13 14:20:15,782 - gui.main_window - INFO - ==liuq debug== 已启用拖拽: QSplitter
2025-08-13 14:20:15,782 - gui.main_window - INFO - ==liuq debug== 已启用拖拽: QGroupBox
2025-08-13 14:20:15,782 - gui.main_window - INFO - ==liuq debug== 已启用拖拽: QPushButton
2025-08-13 14:20:15,782 - gui.main_window - INFO - ==liuq debug== 已启用拖拽: QPushButton
2025-08-13 14:20:15,783 - gui.main_window - INFO - ==liuq debug== 已启用拖拽: QTableWidget
2025-08-13 14:20:15,783 - gui.main_window - INFO - ==liuq debug== 已启用拖拽: QWidget
2025-08-13 14:20:15,783 - gui.main_window - INFO - ==liuq debug== 已启用拖拽: QWidget
2025-08-13 14:20:15,783 - gui.main_window - INFO - ==liuq debug== 已启用拖拽: QWidget
2025-08-13 14:20:15,784 - gui.main_window - INFO - ==liuq debug== 已启用拖拽: QScrollBar
2025-08-13 14:20:15,784 - gui.main_window - INFO - ==liuq debug== 已启用拖拽: QWidget
2025-08-13 14:20:15,784 - gui.main_window - INFO - ==liuq debug== 已启用拖拽: QScrollBar
2025-08-13 14:20:15,784 - gui.main_window - INFO - ==liuq debug== 已启用拖拽: QHeaderView
2025-08-13 14:20:15,785 - gui.main_window - INFO - ==liuq debug== 已启用拖拽: QWidget
2025-08-13 14:20:15,785 - gui.main_window - INFO - ==liuq debug== 已启用拖拽: QWidget
2025-08-13 14:20:15,785 - gui.main_window - INFO - ==liuq debug== 已启用拖拽: QWidget
2025-08-13 14:20:15,785 - gui.main_window - INFO - ==liuq debug== 已启用拖拽: QScrollBar
2025-08-13 14:20:15,785 - gui.main_window - INFO - ==liuq debug== 已启用拖拽: QWidget
2025-08-13 14:20:15,785 - gui.main_window - INFO - ==liuq debug== 已启用拖拽: QScrollBar
2025-08-13 14:20:15,786 - gui.main_window - INFO - ==liuq debug== 已启用拖拽: QHeaderView
2025-08-13 14:20:15,786 - gui.main_window - INFO - ==liuq debug== 已启用拖拽: QWidget
2025-08-13 14:20:15,786 - gui.main_window - INFO - ==liuq debug== 已启用拖拽: QWidget
2025-08-13 14:20:15,786 - gui.main_window - INFO - ==liuq debug== 已启用拖拽: QWidget
2025-08-13 14:20:15,787 - gui.main_window - INFO - ==liuq debug== 已启用拖拽: QScrollBar
2025-08-13 14:20:15,787 - gui.main_window - INFO - ==liuq debug== 已启用拖拽: QWidget
2025-08-13 14:20:15,787 - gui.main_window - INFO - ==liuq debug== 已启用拖拽: QScrollBar
2025-08-13 14:20:15,787 - gui.main_window - INFO - ==liuq debug== 已启用拖拽: QAbstractButton
2025-08-13 14:20:15,787 - gui.main_window - INFO - ==liuq debug== 已启用拖拽: QGroupBox
2025-08-13 14:20:15,788 - gui.main_window - INFO - ==liuq debug== 已启用拖拽: QPushButton
2025-08-13 14:20:15,788 - gui.main_window - INFO - ==liuq debug== 已启用拖拽: QPushButton
2025-08-13 14:20:15,788 - gui.main_window - INFO - ==liuq debug== 已启用拖拽: QPushButton
2025-08-13 14:20:15,788 - gui.main_window - INFO - ==liuq debug== 已启用拖拽: QSplitterHandle
2025-08-13 14:20:15,789 - gui.main_window - INFO - ==liuq debug== 已启用拖拽: QSplitterHandle
2025-08-13 14:20:15,789 - gui.main_window - INFO - ==liuq debug== 已启用拖拽: QWidget
2025-08-13 14:20:15,789 - gui.main_window - INFO - ==liuq debug== 已启用拖拽: QProgressBar
2025-08-13 14:20:15,789 - gui.main_window - INFO - ==liuq debug== 已启用拖拽: QLabel
2025-08-13 14:20:15,789 - gui.main_window - INFO - ==liuq debug== 已启用拖拽: QWidget
2025-08-13 14:20:15,790 - gui.main_window - INFO - ==liuq debug== 已启用拖拽: QLabel
2025-08-13 14:20:15,790 - gui.main_window - INFO - ==liuq debug== 已启用拖拽: QLabel
2025-08-13 14:20:15,790 - gui.main_window - INFO - ==liuq debug== 已启用拖拽: QWidget
2025-08-13 14:20:15,790 - gui.main_window - INFO - ==liuq debug== 已启用拖拽: QLabel
2025-08-13 14:20:15,790 - gui.main_window - INFO - ==liuq debug== 已启用拖拽: QLabel
2025-08-13 14:20:15,790 - gui.main_window - INFO - ==liuq debug== 已启用拖拽: ExifProcessingTab
2025-08-13 14:20:15,791 - gui.main_window - INFO - ==liuq debug== 已启用拖拽: QLabel
2025-08-13 14:20:15,791 - gui.main_window - INFO - ==liuq debug== 已启用拖拽: QLineEdit
2025-08-13 14:20:15,791 - gui.main_window - INFO - ==liuq debug== 已启用拖拽: QPushButton
2025-08-13 14:20:15,791 - gui.main_window - INFO - ==liuq debug== 已启用拖拽: QLabel
2025-08-13 14:20:15,791 - gui.main_window - INFO - ==liuq debug== 已启用拖拽: QListWidget
2025-08-13 14:20:15,792 - gui.main_window - INFO - ==liuq debug== 已启用拖拽: QWidget
2025-08-13 14:20:15,792 - gui.main_window - INFO - ==liuq debug== 已启用拖拽: QWidget
2025-08-13 14:20:15,792 - gui.main_window - INFO - ==liuq debug== 已启用拖拽: QWidget
2025-08-13 14:20:15,792 - gui.main_window - INFO - ==liuq debug== 已启用拖拽: QScrollBar
2025-08-13 14:20:15,792 - gui.main_window - INFO - ==liuq debug== 已启用拖拽: QWidget
2025-08-13 14:20:15,792 - gui.main_window - INFO - ==liuq debug== 已启用拖拽: QScrollBar
2025-08-13 14:20:15,792 - gui.main_window - INFO - ==liuq debug== 已启用拖拽: QLabel
2025-08-13 14:20:15,793 - gui.main_window - INFO - ==liuq debug== 已启用拖拽: QPushButton
2025-08-13 14:20:15,793 - gui.main_window - INFO - ==liuq debug== 已启用拖拽: QPushButton
2025-08-13 14:20:15,793 - gui.main_window - INFO - ==liuq debug== 已启用拖拽: QPushButton
2025-08-13 14:20:15,793 - gui.main_window - INFO - ==liuq debug== 已启用拖拽: QPushButton
2025-08-13 14:20:15,793 - gui.main_window - INFO - ==liuq debug== 已启用拖拽: QPushButton
2025-08-13 14:20:15,793 - gui.main_window - INFO - ==liuq debug== 已启用拖拽: QPushButton
2025-08-13 14:20:15,793 - gui.main_window - INFO - ==liuq debug== 已启用拖拽: QPushButton
2025-08-13 14:20:15,794 - gui.main_window - INFO - ==liuq debug== 已启用拖拽: QPushButton
2025-08-13 14:20:15,794 - gui.main_window - INFO - ==liuq debug== 已启用拖拽: QCheckBox
2025-08-13 14:20:15,794 - gui.main_window - INFO - ==liuq debug== 已启用拖拽: QCheckBox
2025-08-13 14:20:15,794 - gui.main_window - INFO - ==liuq debug== 已启用拖拽: QLabel
2025-08-13 14:20:15,794 - gui.main_window - INFO - ==liuq debug== 已启用拖拽: QLineEdit
2025-08-13 14:20:15,794 - gui.main_window - INFO - ==liuq debug== 已启用拖拽: QPushButton
2025-08-13 14:20:15,794 - gui.main_window - INFO - ==liuq debug== 已启用拖拽: QPushButton
2025-08-13 14:20:15,795 - gui.main_window - INFO - ==liuq debug== 已启用拖拽: QLabel
2025-08-13 14:20:15,795 - gui.main_window - INFO - ==liuq debug== 已启用拖拽: QPushButton
2025-08-13 14:20:15,795 - gui.main_window - INFO - ==liuq debug== 已启用拖拽: QPushButton
2025-08-13 14:20:15,795 - gui.main_window - INFO - ==liuq debug== 已启用拖拽: QWidget
2025-08-13 14:20:15,795 - gui.main_window - INFO - ==liuq debug== 已启用拖拽: QLabel
2025-08-13 14:20:15,795 - gui.main_window - INFO - ==liuq debug== 已启用拖拽: QLabel
2025-08-13 14:20:15,795 - gui.main_window - INFO - ==liuq debug== 已启用拖拽: QPushButton
2025-08-13 14:20:15,795 - gui.main_window - INFO - ==liuq debug== 已启用拖拽: QSplitter
2025-08-13 14:20:15,796 - gui.main_window - INFO - ==liuq debug== 已启用拖拽: MapShapeViewer
2025-08-13 14:20:15,796 - gui.main_window - INFO - ==liuq debug== 已启用拖拽: QLabel
2025-08-13 14:20:15,796 - gui.main_window - INFO - ==liuq debug== 已启用拖拽: FigureCanvasQTAgg
2025-08-13 14:20:15,796 - gui.main_window - INFO - ==liuq debug== 已启用拖拽: QLabel
2025-08-13 14:20:15,796 - gui.main_window - INFO - ==liuq debug== 已启用拖拽: MapTableWidget
2025-08-13 14:20:15,796 - gui.main_window - INFO - ==liuq debug== 已启用拖拽: QLabel
2025-08-13 14:20:15,796 - gui.main_window - INFO - ==liuq debug== 已启用拖拽: QLabel
2025-08-13 14:20:15,797 - gui.main_window - INFO - ==liuq debug== 已启用拖拽: QLineEdit
2025-08-13 14:20:15,797 - gui.main_window - INFO - ==liuq debug== 已启用拖拽: QPushButton
2025-08-13 14:20:15,797 - gui.main_window - INFO - ==liuq debug== 已启用拖拽: QTableWidget
2025-08-13 14:20:15,797 - gui.main_window - INFO - ==liuq debug== 已启用拖拽: QWidget
2025-08-13 14:20:15,797 - gui.main_window - INFO - ==liuq debug== 已启用拖拽: QWidget
2025-08-13 14:20:15,797 - gui.main_window - INFO - ==liuq debug== 已启用拖拽: QWidget
2025-08-13 14:20:15,797 - gui.main_window - INFO - ==liuq debug== 已启用拖拽: QScrollBar
2025-08-13 14:20:15,798 - gui.main_window - INFO - ==liuq debug== 已启用拖拽: QHeaderView
2025-08-13 14:20:15,798 - gui.main_window - INFO - ==liuq debug== 已启用拖拽: QWidget
2025-08-13 14:20:15,798 - gui.main_window - INFO - ==liuq debug== 已启用拖拽: QWidget
2025-08-13 14:20:15,798 - gui.main_window - INFO - ==liuq debug== 已启用拖拽: QWidget
2025-08-13 14:20:15,798 - gui.main_window - INFO - ==liuq debug== 已启用拖拽: QScrollBar
2025-08-13 14:20:15,798 - gui.main_window - INFO - ==liuq debug== 已启用拖拽: QWidget
2025-08-13 14:20:15,798 - gui.main_window - INFO - ==liuq debug== 已启用拖拽: QScrollBar
2025-08-13 14:20:15,799 - gui.main_window - INFO - ==liuq debug== 已启用拖拽: QAbstractButton
2025-08-13 14:20:15,799 - gui.main_window - INFO - ==liuq debug== 已启用拖拽: SimpleHeaderView
2025-08-13 14:20:15,799 - gui.main_window - INFO - ==liuq debug== 已启用拖拽: QWidget
2025-08-13 14:20:15,800 - gui.main_window - INFO - ==liuq debug== 已启用拖拽: QWidget
2025-08-13 14:20:15,800 - gui.main_window - INFO - ==liuq debug== 已启用拖拽: QWidget
2025-08-13 14:20:15,800 - gui.main_window - INFO - ==liuq debug== 已启用拖拽: QScrollBar
2025-08-13 14:20:15,800 - gui.main_window - INFO - ==liuq debug== 已启用拖拽: QWidget
2025-08-13 14:20:15,801 - gui.main_window - INFO - ==liuq debug== 已启用拖拽: QScrollBar
2025-08-13 14:20:15,801 - gui.main_window - INFO - ==liuq debug== 已启用拖拽: QWidget
2025-08-13 14:20:15,801 - gui.main_window - INFO - ==liuq debug== 已启用拖拽: QScrollBar
2025-08-13 14:20:15,801 - gui.main_window - INFO - ==liuq debug== 已启用拖拽: QLabel
2025-08-13 14:20:15,801 - gui.main_window - INFO - ==liuq debug== 已启用拖拽: QSplitterHandle
2025-08-13 14:20:15,801 - gui.main_window - INFO - ==liuq debug== 已启用拖拽: QSplitterHandle
2025-08-13 14:20:15,802 - gui.main_window - INFO - ==liuq debug== 已启用拖拽: QTabBar
2025-08-13 14:20:15,802 - gui.main_window - INFO - ==liuq debug== 已启用拖拽: QToolButton
2025-08-13 14:20:15,802 - gui.main_window - INFO - ==liuq debug== 已启用拖拽: QToolButton
2025-08-13 14:20:15,802 - gui.main_window - INFO - ==liuq debug== 已启用拖拽: QMenuBar
2025-08-13 14:20:15,803 - gui.main_window - INFO - ==liuq debug== 已启用拖拽: QToolButton
2025-08-13 14:20:15,803 - gui.main_window - INFO - ==liuq debug== 已启用拖拽: QMenu
2025-08-13 14:20:15,803 - gui.main_window - INFO - ==liuq debug== 已启用拖拽: QMenu
2025-08-13 14:20:15,803 - gui.main_window - INFO - ==liuq debug== 已启用拖拽: QMenu
2025-08-13 14:20:15,803 - gui.main_window - INFO - ==liuq debug== 已启用拖拽: QStatusBar
2025-08-13 14:20:15,804 - gui.main_window - INFO - ==liuq debug== 已启用拖拽: QSizeGrip
2025-08-13 14:20:15,804 - gui.main_window - INFO - ==liuq debug== 已启用拖拽: QLabel
2025-08-13 14:20:15,804 - gui.main_window - INFO - ==liuq debug== 已在 QApplication 安装全局事件过滤器
2025-08-13 14:20:15,804 - gui.main_window - INFO - ==liuq debug== BOOT_SIGNATURE: DnD_v3_pywin32_enabled
2025-08-13 14:20:15,804 - gui.main_window - INFO - ==liuq debug== 主窗口初始化完成
2025-08-13 14:20:15,805 - gui.main_window - INFO - ==liuq debug== 拖拽区域已创建并开始监控: D:\Users\w9065706\Desktop\FastMap_拖拽区域
2025-08-13 14:20:15,805 - gui.main_window - INFO - ==liuq debug== pywin 注册将于窗口显示后执行(SHOW)
2025-08-13 14:20:15,830 - gui.main_window - INFO - ==liuq debug== SHOW 事件触发，开始 pywin 注册流程
2025-08-13 14:20:16,038 - utils.pywin_drop - INFO - ==liuq debug== pywin 已注册剪贴板格式: FileGroupDescriptorW/FileContents
2025-08-13 14:20:16,038 - utils.pywin_drop - INFO - ==liuq debug== pywin OleInitialize 成功
2025-08-13 14:20:16,052 - utils.pywin_drop - INFO - ==liuq debug== pywin RegisterDragDrop 异常: 'bool' object is not callable
Traceback (most recent call last):
  File "E:\code\3__My\22_tool_fastmapv2\0_fastmapv2_latest\utils\pywin_drop.py", line 190, in install_pywin_drop
    com_obj = wrap(dt, usePolicy=True)
  File "d:\users\w9065706\appdata\local\programs\python\Python39\lib\site-packages\win32com\server\util.py", line 26, in wrap
    ob = usePolicy(ob)
TypeError: 'bool' object is not callable

2025-08-13 14:20:16,136 - utils.pywin_drop - INFO - ==liuq debug== pywin OleInitialize 成功
2025-08-13 14:20:16,136 - utils.pywin_drop - INFO - ==liuq debug== pywin RegisterDragDrop 异常: 'bool' object is not callable
Traceback (most recent call last):
  File "E:\code\3__My\22_tool_fastmapv2\0_fastmapv2_latest\utils\pywin_drop.py", line 190, in install_pywin_drop
    com_obj = wrap(dt, usePolicy=True)
  File "d:\users\w9065706\appdata\local\programs\python\Python39\lib\site-packages\win32com\server\util.py", line 26, in wrap
    ob = usePolicy(ob)
TypeError: 'bool' object is not callable

2025-08-13 14:20:16,145 - utils.pywin_drop - INFO - ==liuq debug== pywin OleInitialize 成功
2025-08-13 14:20:16,146 - utils.pywin_drop - INFO - ==liuq debug== pywin RegisterDragDrop 异常: 'bool' object is not callable
Traceback (most recent call last):
  File "E:\code\3__My\22_tool_fastmapv2\0_fastmapv2_latest\utils\pywin_drop.py", line 190, in install_pywin_drop
    com_obj = wrap(dt, usePolicy=True)
  File "d:\users\w9065706\appdata\local\programs\python\Python39\lib\site-packages\win32com\server\util.py", line 26, in wrap
    ob = usePolicy(ob)
TypeError: 'bool' object is not callable

2025-08-13 14:20:16,146 - gui.main_window - INFO - ==liuq debug== pywin 主窗与子控件均未成功，显示兜底小窗
2025-08-13 14:20:16,169 - utils.pywin_drop - INFO - ==liuq debug== pywin OleInitialize 成功
2025-08-13 14:20:16,170 - utils.pywin_drop - INFO - ==liuq debug== pywin RegisterDragDrop 异常: 'bool' object is not callable
Traceback (most recent call last):
  File "E:\code\3__My\22_tool_fastmapv2\0_fastmapv2_latest\utils\pywin_drop.py", line 190, in install_pywin_drop
    com_obj = wrap(dt, usePolicy=True)
  File "d:\users\w9065706\appdata\local\programs\python\Python39\lib\site-packages\win32com\server\util.py", line 26, in wrap
    ob = usePolicy(ob)
TypeError: 'bool' object is not callable

2025-08-13 14:20:16,170 - gui.main_window - INFO - ==liuq debug== pywin 兜底小窗 注册失败
2025-08-13 14:20:16,441 - __main__ - INFO - ==liuq debug== 主窗口创建并显示成功
2025-08-13 14:20:16,444 - __main__ - INFO - ==liuq debug== 启动应用程序主循环
2025-08-13 14:20:24,038 - utils.win_drop - INFO - ==liuq debug== win_drop检测到WM_DROPFILES消息
2025-08-13 14:20:24,038 - utils.win_drop - INFO - ==liuq debug== win_drop解析到1个文件
2025-08-13 14:20:24,038 - utils.win_drop - INFO - ==liuq debug== win_drop文件列表: ['E:\\场景库\\25001_hongyan\\sab\\27_IMG20250701152302_ori.jpg']
2025-08-13 14:20:24,039 - gui.main_window - INFO - ==liuq debug== NativeDrop: E:\场景库\25001_hongyan\sab\27_IMG20250701152302_ori.jpg
2025-08-13 14:20:24,055 - core.services.exif_parser_service - INFO - ==liuq debug== 加载 DLL: E:\code\3__My\22_tool_fastmapv2\0_fastmapv2_latest\0_3a_parser_py\dll\Release\3a_parser.dll
2025-08-13 14:20:24,090 - core.services.exif_parser_service - INFO - ==liuq debug== DLL 初始化完成: handle=c_void_p(2267566513120)
2025-08-13 14:20:39,080 - utils.win_drop - INFO - ==liuq debug== win_drop检测到WM_DROPFILES消息
2025-08-13 14:20:39,080 - utils.win_drop - INFO - ==liuq debug== win_drop解析到1个文件
2025-08-13 14:20:39,080 - utils.win_drop - INFO - ==liuq debug== win_drop文件列表: ['E:\\场景库\\25001_hongyan\\sab\\19_IMG20250701152024_ori.jpg']
2025-08-13 14:20:39,081 - gui.main_window - INFO - ==liuq debug== NativeDrop: E:\场景库\25001_hongyan\sab\19_IMG20250701152024_ori.jpg
2025-08-13 14:20:39,083 - core.services.exif_parser_service - INFO - ==liuq debug== 加载 DLL: E:\code\3__My\22_tool_fastmapv2\0_fastmapv2_latest\0_3a_parser_py\dll\Release\3a_parser.dll
2025-08-13 14:20:39,083 - core.services.exif_parser_service - INFO - ==liuq debug== DLL 初始化完成: handle=c_void_p(2267692956688)
2025-08-13 14:21:03,811 - __main__ - INFO - ==liuq debug== FastMapV2 日志系统初始化完成
2025-08-13 14:21:03,811 - __main__ - INFO - ==liuq debug== FastMapV2 应用程序启动
2025-08-13 14:21:05,904 - __main__ - INFO - ==liuq debug== 依赖检查通过
2025-08-13 14:21:06,177 - __main__ - INFO - ==liuq debug== QApplication创建成功
2025-08-13 14:21:06,180 - __main__ - INFO - ==liuq debug== 主窗口模块导入成功
2025-08-13 14:21:06,181 - gui.main_window - INFO - ==liuq debug== 开始初始化主窗口
2025-08-13 14:21:06,181 - gui.main_window - INFO - ==liuq debug== 顶层窗口预启用拖拽
2025-08-13 14:21:06,201 - core.interfaces.xml_data_processor - INFO - ==liuq debug== XML数据处理接口模块加载完成
2025-08-13 14:21:06,207 - core.interfaces.xml_field_definition - INFO - ==liuq debug== XML字段定义系统模块加载完成
2025-08-13 14:21:06,208 - core.interfaces.field_definition_provider - INFO - ==liuq debug== 字段定义提供者接口模块加载完成
2025-08-13 14:21:06,210 - core.interfaces.data_binding_manager - INFO - ==liuq debug== 数据绑定管理接口模块加载完成
2025-08-13 14:21:06,211 - core.interfaces - INFO - ==liuq debug== 核心接口模块加载完成
2025-08-13 14:21:06,211 - core.services.data_binding_manager_impl - INFO - ==liuq debug== 数据绑定管理器实现模块加载完成
2025-08-13 14:21:06,212 - core.services.field_editor_factory - INFO - ==liuq debug== 字段编辑器工厂初始化完成
2025-08-13 14:21:06,213 - core.services.field_editor_factory - INFO - ==liuq debug== 字段编辑器工厂模块加载完成
2025-08-13 14:21:06,215 - core.services.field_registry_service - INFO - ==liuq debug== 从XML_FIELD_CONFIG创建了 39 个字段定义
2025-08-13 14:21:06,215 - core.services.field_registry_service - INFO - ==liuq debug== 字段注册成功: alias_name -> 分组: basic
2025-08-13 14:21:06,215 - core.services.field_registry_service - INFO - ==liuq debug== 字段注册成功: x -> 分组: basic
2025-08-13 14:21:06,215 - core.services.field_registry_service - INFO - ==liuq debug== 字段注册成功: y -> 分组: basic
2025-08-13 14:21:06,216 - core.services.field_registry_service - INFO - ==liuq debug== 字段注册成功: weight -> 分组: basic
2025-08-13 14:21:06,216 - core.services.field_registry_service - INFO - ==liuq debug== 字段注册成功: trans_step -> 分组: basic
2025-08-13 14:21:06,217 - core.services.field_registry_service - INFO - ==liuq debug== 字段注册成功: offset_x -> 分组: basic
2025-08-13 14:21:06,217 - core.services.field_registry_service - INFO - ==liuq debug== 字段注册成功: offset_y -> 分组: basic
2025-08-13 14:21:06,217 - core.services.field_registry_service - INFO - ==liuq debug== 字段注册成功: bv_min -> 分组: ranges
2025-08-13 14:21:06,217 - core.services.field_registry_service - INFO - ==liuq debug== 字段注册成功: bv_max -> 分组: ranges
2025-08-13 14:21:06,217 - core.services.field_registry_service - INFO - ==liuq debug== 字段注册成功: tran_bv_min -> 分组: custom
2025-08-13 14:21:06,218 - core.services.field_registry_service - INFO - ==liuq debug== 字段注册成功: tran_bv_max -> 分组: custom
2025-08-13 14:21:06,218 - core.services.field_registry_service - INFO - ==liuq debug== 字段注册成功: ctemp_min -> 分组: ranges
2025-08-13 14:21:06,218 - core.services.field_registry_service - INFO - ==liuq debug== 字段注册成功: ctemp_max -> 分组: ranges
2025-08-13 14:21:06,218 - core.services.field_registry_service - INFO - ==liuq debug== 字段注册成功: tran_ctemp_min -> 分组: custom
2025-08-13 14:21:06,219 - core.services.field_registry_service - INFO - ==liuq debug== 字段注册成功: tran_ctemp_max -> 分组: custom
2025-08-13 14:21:06,219 - core.services.field_registry_service - INFO - ==liuq debug== 字段注册成功: ir_min -> 分组: ranges
2025-08-13 14:21:06,219 - core.services.field_registry_service - INFO - ==liuq debug== 字段注册成功: ir_max -> 分组: ranges
2025-08-13 14:21:06,219 - core.services.field_registry_service - INFO - ==liuq debug== 字段注册成功: tran_ir_min -> 分组: custom
2025-08-13 14:21:06,219 - core.services.field_registry_service - INFO - ==liuq debug== 字段注册成功: tran_ir_max -> 分组: custom
2025-08-13 14:21:06,220 - core.services.field_registry_service - INFO - ==liuq debug== 字段注册成功: ac_min -> 分组: ranges
2025-08-13 14:21:06,220 - core.services.field_registry_service - INFO - ==liuq debug== 字段注册成功: ac_max -> 分组: ranges
2025-08-13 14:21:06,220 - core.services.field_registry_service - INFO - ==liuq debug== 字段注册成功: tran_ac_min -> 分组: custom
2025-08-13 14:21:06,221 - core.services.field_registry_service - INFO - ==liuq debug== 字段注册成功: tran_ac_max -> 分组: custom
2025-08-13 14:21:06,221 - core.services.field_registry_service - INFO - ==liuq debug== 字段注册成功: count_min -> 分组: ranges
2025-08-13 14:21:06,221 - core.services.field_registry_service - INFO - ==liuq debug== 字段注册成功: count_max -> 分组: ranges
2025-08-13 14:21:06,221 - core.services.field_registry_service - INFO - ==liuq debug== 字段注册成功: tran_count_min -> 分组: custom
2025-08-13 14:21:06,222 - core.services.field_registry_service - INFO - ==liuq debug== 字段注册成功: tran_count_max -> 分组: custom
2025-08-13 14:21:06,222 - core.services.field_registry_service - INFO - ==liuq debug== 字段注册成功: color_cct_min -> 分组: ranges
2025-08-13 14:21:06,222 - core.services.field_registry_service - INFO - ==liuq debug== 字段注册成功: color_cct_max -> 分组: ranges
2025-08-13 14:21:06,222 - core.services.field_registry_service - INFO - ==liuq debug== 字段注册成功: tran_color_cct_min -> 分组: custom
2025-08-13 14:21:06,223 - core.services.field_registry_service - INFO - ==liuq debug== 字段注册成功: tran_color_cct_max -> 分组: custom
2025-08-13 14:21:06,223 - core.services.field_registry_service - INFO - ==liuq debug== 字段注册成功: diff_ctemp_min -> 分组: ranges
2025-08-13 14:21:06,223 - core.services.field_registry_service - INFO - ==liuq debug== 字段注册成功: diff_ctemp_max -> 分组: ranges
2025-08-13 14:21:06,224 - core.services.field_registry_service - INFO - ==liuq debug== 字段注册成功: tran_diff_ctemp_min -> 分组: custom
2025-08-13 14:21:06,224 - core.services.field_registry_service - INFO - ==liuq debug== 字段注册成功: tran_diff_ctemp_max -> 分组: custom
2025-08-13 14:21:06,224 - core.services.field_registry_service - INFO - ==liuq debug== 字段注册成功: face_ctemp_min -> 分组: ranges
2025-08-13 14:21:06,225 - core.services.field_registry_service - INFO - ==liuq debug== 字段注册成功: face_ctemp_max -> 分组: ranges
2025-08-13 14:21:06,225 - core.services.field_registry_service - INFO - ==liuq debug== 字段注册成功: tran_face_ctemp_min -> 分组: custom
2025-08-13 14:21:06,225 - core.services.field_registry_service - INFO - ==liuq debug== 字段注册成功: tran_face_ctemp_max -> 分组: custom
2025-08-13 14:21:06,225 - core.services.field_registry_service - INFO - ==liuq debug== 字段注册成功: ml -> 分组: ranges
2025-08-13 14:21:06,226 - core.services.field_registry_service - WARNING - ==liuq debug== 覆盖已存在的字段: weight
2025-08-13 14:21:06,226 - core.services.field_registry_service - INFO - ==liuq debug== 字段注册成功: weight -> 分组: basic
2025-08-13 14:21:06,226 - core.services.field_registry_service - WARNING - ==liuq debug== 覆盖已存在的字段: trans_step
2025-08-13 14:21:06,226 - core.services.field_registry_service - INFO - ==liuq debug== 字段注册成功: trans_step -> 分组: basic
2025-08-13 14:21:06,226 - core.services.field_registry_service - INFO - ==liuq debug== 字段注册成功: e_ratio_min -> 分组: ranges
2025-08-13 14:21:06,227 - core.services.field_registry_service - INFO - ==liuq debug== 字段注册成功: e_ratio_max -> 分组: ranges
2025-08-13 14:21:06,227 - core.services.field_registry_service - INFO - ==liuq debug== 字段注册成功: bv_range -> 分组: ranges
2025-08-13 14:21:06,227 - core.services.field_registry_service - INFO - ==liuq debug== 字段注册成功: ir_range -> 分组: ranges
2025-08-13 14:21:06,227 - core.services.field_registry_service - INFO - ==liuq debug== 字段注册成功: cct_range -> 分组: ranges
2025-08-13 14:21:06,228 - core.services.field_registry_service - INFO - ==liuq debug== 字段注册成功: detect_flag -> 分组: advanced
2025-08-13 14:21:06,228 - core.services.field_registry_service - INFO - ==liuq debug== 预定义字段注册完成，共注册 48 个字段（包含 39 个XML配置字段）
2025-08-13 14:21:06,228 - core.services.field_registry_service - INFO - ==liuq debug== 字段注册服务初始化完成
2025-08-13 14:21:06,228 - core.services.field_registry_service - INFO - ==liuq debug== 字段注册服务模块加载完成
2025-08-13 14:21:06,304 - core.services.xml_writer_service - INFO - ==liuq debug== XML写入服务模块加载完成
2025-08-13 14:21:06,307 - core.managers.table_column_manager - INFO - ==liuq debug== 表格列管理器初始化完成
2025-08-13 14:21:06,307 - core.managers.table_column_manager - INFO - ==liuq debug== 表格列管理器模块加载完成
2025-08-13 14:21:06,310 - core.services.data_binding_manager_impl - INFO - ==liuq debug== 数据绑定管理器初始化完成
2025-08-13 14:21:06,310 - gui.widgets.map_table_widget - INFO - ==liuq debug== 从字段注册系统获取到 46 个可编辑字段
2025-08-13 14:21:06,311 - core.managers.table_column_manager - INFO - ==liuq debug== 开始生成默认表格配置（基于核心字段的动态模式）
2025-08-13 14:21:06,311 - core.managers.table_column_manager - INFO - ==liuq debug== 找到 40 个核心字段用于默认表格配置
2025-08-13 14:21:06,311 - core.managers.table_column_manager - INFO - ==liuq debug== 40列配置验证通过
2025-08-13 14:21:06,312 - core.managers.table_column_manager - INFO - ==liuq debug== 默认表格配置生成完成，共 40 列（40列兼容模式）
2025-08-13 14:21:06,312 - gui.widgets.map_table_widget - INFO - ==liuq debug== 表格配置初始化完成，共 40 个可见列
2025-08-13 14:21:06,312 - gui.widgets.map_table_widget - INFO - ==liuq debug== 表格配置初始化完成，共 40 个可见列
2025-08-13 14:21:06,329 - gui.widgets.map_table_widget - INFO - ==liuq debug== 设置表格，共 40 个可见列
2025-08-13 14:21:06,742 - gui.widgets.map_table_widget - INFO - ==liuq debug== 加载字段定义完成，共 46 个字段
2025-08-13 14:21:06,743 - gui.widgets.map_table_widget - INFO - ==liuq debug== 启用表格单元格编辑功能
2025-08-13 14:21:06,743 - gui.widgets.map_table_widget - INFO - ==liuq debug== Map点表格组件初始化完成
2025-08-13 14:21:07,506 - gui.widgets.map_shape_viewer - INFO - ==liuq debug== Map形状查看器UI设置完成
2025-08-13 14:21:07,506 - gui.widgets.map_shape_viewer - INFO - ==liuq debug== Map形状查看器初始化完成
2025-08-13 14:21:07,566 - gui.styles.theme - INFO - ==liuq debug== FastMapV2主题初始化完成: light
2025-08-13 14:21:07,567 - core.services.unified_report_manager - INFO - ==liuq debug== 加载历史记录: 0条
2025-08-13 14:21:07,567 - core.services.unified_report_manager - INFO - ==liuq debug== 统一报告管理器初始化完成
2025-08-13 14:21:08,117 - gui.tabs.analysis_report_tab - INFO - ==liuq debug== 刷新历史记录: 0条
2025-08-13 14:21:08,117 - gui.tabs.analysis_report_tab - INFO - ==liuq debug== 分析报告标签页初始化完成
2025-08-13 14:21:08,262 - utils.win_drop - INFO - ==liuq debug== DragAcceptFiles调用，hwnd=0xc03d7a
2025-08-13 14:21:08,265 - utils.win_drop - INFO - ==liuq debug== 原生事件过滤器安装成功
2025-08-13 14:21:08,265 - gui.main_window - INFO - ==liuq debug== 已安装 Windows 原生拖拽过滤器 (WM_DROPFILES) phase=create_tabs hwnd=12598650
2025-08-13 14:21:08,265 - gui.main_window - INFO - ==liuq debug== 所有标签页创建完成
2025-08-13 14:21:08,295 - gui.main_window - INFO - ==liuq debug== 界面样式设置完成
2025-08-13 14:21:08,296 - gui.main_window - INFO - ==liuq debug== UI界面设置完成
2025-08-13 14:21:08,650 - gui.main_window - INFO - ==liuq debug== 菜单栏设置完成
2025-08-13 14:21:08,651 - gui.main_window - INFO - ==liuq debug== 状态栏设置完成
2025-08-13 14:21:08,651 - gui.main_window - INFO - ==liuq debug== 信号连接设置完成
2025-08-13 14:21:08,651 - gui.main_window - INFO - ==liuq debug== 已启用拖拽: MainWindow
2025-08-13 14:21:08,652 - gui.main_window - INFO - ==liuq debug== 已启用拖拽: QWidget
2025-08-13 14:21:08,652 - gui.main_window - INFO - ==liuq debug== 已启用拖拽: QTabWidget
2025-08-13 14:21:08,653 - gui.main_window - INFO - ==liuq debug== 已启用拖拽: QStackedWidget
2025-08-13 14:21:08,653 - gui.main_window - INFO - ==liuq debug== 已启用拖拽: AnalysisReportTab
2025-08-13 14:21:08,653 - gui.main_window - INFO - ==liuq debug== 已启用拖拽: QLabel
2025-08-13 14:21:08,654 - gui.main_window - INFO - ==liuq debug== 已启用拖拽: QSplitter
2025-08-13 14:21:08,654 - gui.main_window - INFO - ==liuq debug== 已启用拖拽: QGroupBox
2025-08-13 14:21:08,654 - gui.main_window - INFO - ==liuq debug== 已启用拖拽: QPushButton
2025-08-13 14:21:08,654 - gui.main_window - INFO - ==liuq debug== 已启用拖拽: QPushButton
2025-08-13 14:21:08,655 - gui.main_window - INFO - ==liuq debug== 已启用拖拽: QTableWidget
2025-08-13 14:21:08,655 - gui.main_window - INFO - ==liuq debug== 已启用拖拽: QWidget
2025-08-13 14:21:08,655 - gui.main_window - INFO - ==liuq debug== 已启用拖拽: QWidget
2025-08-13 14:21:08,655 - gui.main_window - INFO - ==liuq debug== 已启用拖拽: QWidget
2025-08-13 14:21:08,656 - gui.main_window - INFO - ==liuq debug== 已启用拖拽: QScrollBar
2025-08-13 14:21:08,656 - gui.main_window - INFO - ==liuq debug== 已启用拖拽: QWidget
2025-08-13 14:21:08,656 - gui.main_window - INFO - ==liuq debug== 已启用拖拽: QScrollBar
2025-08-13 14:21:08,657 - gui.main_window - INFO - ==liuq debug== 已启用拖拽: QHeaderView
2025-08-13 14:21:08,657 - gui.main_window - INFO - ==liuq debug== 已启用拖拽: QWidget
2025-08-13 14:21:08,657 - gui.main_window - INFO - ==liuq debug== 已启用拖拽: QWidget
2025-08-13 14:21:08,657 - gui.main_window - INFO - ==liuq debug== 已启用拖拽: QWidget
2025-08-13 14:21:08,657 - gui.main_window - INFO - ==liuq debug== 已启用拖拽: QScrollBar
2025-08-13 14:21:08,658 - gui.main_window - INFO - ==liuq debug== 已启用拖拽: QWidget
2025-08-13 14:21:08,658 - gui.main_window - INFO - ==liuq debug== 已启用拖拽: QScrollBar
2025-08-13 14:21:08,658 - gui.main_window - INFO - ==liuq debug== 已启用拖拽: QHeaderView
2025-08-13 14:21:08,658 - gui.main_window - INFO - ==liuq debug== 已启用拖拽: QWidget
2025-08-13 14:21:08,659 - gui.main_window - INFO - ==liuq debug== 已启用拖拽: QWidget
2025-08-13 14:21:08,659 - gui.main_window - INFO - ==liuq debug== 已启用拖拽: QWidget
2025-08-13 14:21:08,659 - gui.main_window - INFO - ==liuq debug== 已启用拖拽: QScrollBar
2025-08-13 14:21:08,659 - gui.main_window - INFO - ==liuq debug== 已启用拖拽: QWidget
2025-08-13 14:21:08,659 - gui.main_window - INFO - ==liuq debug== 已启用拖拽: QScrollBar
2025-08-13 14:21:08,660 - gui.main_window - INFO - ==liuq debug== 已启用拖拽: QAbstractButton
2025-08-13 14:21:08,660 - gui.main_window - INFO - ==liuq debug== 已启用拖拽: QGroupBox
2025-08-13 14:21:08,660 - gui.main_window - INFO - ==liuq debug== 已启用拖拽: QPushButton
2025-08-13 14:21:08,660 - gui.main_window - INFO - ==liuq debug== 已启用拖拽: QPushButton
2025-08-13 14:21:08,660 - gui.main_window - INFO - ==liuq debug== 已启用拖拽: QPushButton
2025-08-13 14:21:08,661 - gui.main_window - INFO - ==liuq debug== 已启用拖拽: QSplitterHandle
2025-08-13 14:21:08,661 - gui.main_window - INFO - ==liuq debug== 已启用拖拽: QSplitterHandle
2025-08-13 14:21:08,661 - gui.main_window - INFO - ==liuq debug== 已启用拖拽: QWidget
2025-08-13 14:21:08,661 - gui.main_window - INFO - ==liuq debug== 已启用拖拽: QProgressBar
2025-08-13 14:21:08,661 - gui.main_window - INFO - ==liuq debug== 已启用拖拽: QLabel
2025-08-13 14:21:08,662 - gui.main_window - INFO - ==liuq debug== 已启用拖拽: QWidget
2025-08-13 14:21:08,662 - gui.main_window - INFO - ==liuq debug== 已启用拖拽: QLabel
2025-08-13 14:21:08,662 - gui.main_window - INFO - ==liuq debug== 已启用拖拽: QLabel
2025-08-13 14:21:08,662 - gui.main_window - INFO - ==liuq debug== 已启用拖拽: QWidget
2025-08-13 14:21:08,663 - gui.main_window - INFO - ==liuq debug== 已启用拖拽: QLabel
2025-08-13 14:21:08,663 - gui.main_window - INFO - ==liuq debug== 已启用拖拽: QLabel
2025-08-13 14:21:08,663 - gui.main_window - INFO - ==liuq debug== 已启用拖拽: ExifProcessingTab
2025-08-13 14:21:08,663 - gui.main_window - INFO - ==liuq debug== 已启用拖拽: QLabel
2025-08-13 14:21:08,663 - gui.main_window - INFO - ==liuq debug== 已启用拖拽: QLineEdit
2025-08-13 14:21:08,664 - gui.main_window - INFO - ==liuq debug== 已启用拖拽: QPushButton
2025-08-13 14:21:08,664 - gui.main_window - INFO - ==liuq debug== 已启用拖拽: QLabel
2025-08-13 14:21:08,664 - gui.main_window - INFO - ==liuq debug== 已启用拖拽: QListWidget
2025-08-13 14:21:08,664 - gui.main_window - INFO - ==liuq debug== 已启用拖拽: QWidget
2025-08-13 14:21:08,665 - gui.main_window - INFO - ==liuq debug== 已启用拖拽: QWidget
2025-08-13 14:21:08,665 - gui.main_window - INFO - ==liuq debug== 已启用拖拽: QWidget
2025-08-13 14:21:08,665 - gui.main_window - INFO - ==liuq debug== 已启用拖拽: QScrollBar
2025-08-13 14:21:08,665 - gui.main_window - INFO - ==liuq debug== 已启用拖拽: QWidget
2025-08-13 14:21:08,666 - gui.main_window - INFO - ==liuq debug== 已启用拖拽: QScrollBar
2025-08-13 14:21:08,666 - gui.main_window - INFO - ==liuq debug== 已启用拖拽: QLabel
2025-08-13 14:21:08,666 - gui.main_window - INFO - ==liuq debug== 已启用拖拽: QPushButton
2025-08-13 14:21:08,666 - gui.main_window - INFO - ==liuq debug== 已启用拖拽: QPushButton
2025-08-13 14:21:08,666 - gui.main_window - INFO - ==liuq debug== 已启用拖拽: QPushButton
2025-08-13 14:21:08,667 - gui.main_window - INFO - ==liuq debug== 已启用拖拽: QPushButton
2025-08-13 14:21:08,667 - gui.main_window - INFO - ==liuq debug== 已启用拖拽: QPushButton
2025-08-13 14:21:08,667 - gui.main_window - INFO - ==liuq debug== 已启用拖拽: QPushButton
2025-08-13 14:21:08,667 - gui.main_window - INFO - ==liuq debug== 已启用拖拽: QPushButton
2025-08-13 14:21:08,667 - gui.main_window - INFO - ==liuq debug== 已启用拖拽: QPushButton
2025-08-13 14:21:08,668 - gui.main_window - INFO - ==liuq debug== 已启用拖拽: QCheckBox
2025-08-13 14:21:08,668 - gui.main_window - INFO - ==liuq debug== 已启用拖拽: QCheckBox
2025-08-13 14:21:08,668 - gui.main_window - INFO - ==liuq debug== 已启用拖拽: QLabel
2025-08-13 14:21:08,668 - gui.main_window - INFO - ==liuq debug== 已启用拖拽: QLineEdit
2025-08-13 14:21:08,668 - gui.main_window - INFO - ==liuq debug== 已启用拖拽: QPushButton
2025-08-13 14:21:08,668 - gui.main_window - INFO - ==liuq debug== 已启用拖拽: QPushButton
2025-08-13 14:21:08,669 - gui.main_window - INFO - ==liuq debug== 已启用拖拽: QLabel
2025-08-13 14:21:08,669 - gui.main_window - INFO - ==liuq debug== 已启用拖拽: QPushButton
2025-08-13 14:21:08,669 - gui.main_window - INFO - ==liuq debug== 已启用拖拽: QPushButton
2025-08-13 14:21:08,669 - gui.main_window - INFO - ==liuq debug== 已启用拖拽: QWidget
2025-08-13 14:21:08,669 - gui.main_window - INFO - ==liuq debug== 已启用拖拽: QLabel
2025-08-13 14:21:08,669 - gui.main_window - INFO - ==liuq debug== 已启用拖拽: QLabel
2025-08-13 14:21:08,670 - gui.main_window - INFO - ==liuq debug== 已启用拖拽: QPushButton
2025-08-13 14:21:08,670 - gui.main_window - INFO - ==liuq debug== 已启用拖拽: QSplitter
2025-08-13 14:21:08,670 - gui.main_window - INFO - ==liuq debug== 已启用拖拽: MapShapeViewer
2025-08-13 14:21:08,670 - gui.main_window - INFO - ==liuq debug== 已启用拖拽: QLabel
2025-08-13 14:21:08,670 - gui.main_window - INFO - ==liuq debug== 已启用拖拽: FigureCanvasQTAgg
2025-08-13 14:21:08,670 - gui.main_window - INFO - ==liuq debug== 已启用拖拽: QLabel
2025-08-13 14:21:08,671 - gui.main_window - INFO - ==liuq debug== 已启用拖拽: MapTableWidget
2025-08-13 14:21:08,671 - gui.main_window - INFO - ==liuq debug== 已启用拖拽: QLabel
2025-08-13 14:21:08,671 - gui.main_window - INFO - ==liuq debug== 已启用拖拽: QLabel
2025-08-13 14:21:08,671 - gui.main_window - INFO - ==liuq debug== 已启用拖拽: QLineEdit
2025-08-13 14:21:08,672 - gui.main_window - INFO - ==liuq debug== 已启用拖拽: QPushButton
2025-08-13 14:21:08,672 - gui.main_window - INFO - ==liuq debug== 已启用拖拽: QTableWidget
2025-08-13 14:21:08,672 - gui.main_window - INFO - ==liuq debug== 已启用拖拽: QWidget
2025-08-13 14:21:08,672 - gui.main_window - INFO - ==liuq debug== 已启用拖拽: QWidget
2025-08-13 14:21:08,672 - gui.main_window - INFO - ==liuq debug== 已启用拖拽: QWidget
2025-08-13 14:21:08,672 - gui.main_window - INFO - ==liuq debug== 已启用拖拽: QScrollBar
2025-08-13 14:21:08,673 - gui.main_window - INFO - ==liuq debug== 已启用拖拽: QHeaderView
2025-08-13 14:21:08,673 - gui.main_window - INFO - ==liuq debug== 已启用拖拽: QWidget
2025-08-13 14:21:08,673 - gui.main_window - INFO - ==liuq debug== 已启用拖拽: QWidget
2025-08-13 14:21:08,673 - gui.main_window - INFO - ==liuq debug== 已启用拖拽: QWidget
2025-08-13 14:21:08,673 - gui.main_window - INFO - ==liuq debug== 已启用拖拽: QScrollBar
2025-08-13 14:21:08,674 - gui.main_window - INFO - ==liuq debug== 已启用拖拽: QWidget
2025-08-13 14:21:08,674 - gui.main_window - INFO - ==liuq debug== 已启用拖拽: QScrollBar
2025-08-13 14:21:08,674 - gui.main_window - INFO - ==liuq debug== 已启用拖拽: QAbstractButton
2025-08-13 14:21:08,674 - gui.main_window - INFO - ==liuq debug== 已启用拖拽: SimpleHeaderView
2025-08-13 14:21:08,674 - gui.main_window - INFO - ==liuq debug== 已启用拖拽: QWidget
2025-08-13 14:21:08,675 - gui.main_window - INFO - ==liuq debug== 已启用拖拽: QWidget
2025-08-13 14:21:08,675 - gui.main_window - INFO - ==liuq debug== 已启用拖拽: QWidget
2025-08-13 14:21:08,675 - gui.main_window - INFO - ==liuq debug== 已启用拖拽: QScrollBar
2025-08-13 14:21:08,675 - gui.main_window - INFO - ==liuq debug== 已启用拖拽: QWidget
2025-08-13 14:21:08,675 - gui.main_window - INFO - ==liuq debug== 已启用拖拽: QScrollBar
2025-08-13 14:21:08,676 - gui.main_window - INFO - ==liuq debug== 已启用拖拽: QWidget
2025-08-13 14:21:08,676 - gui.main_window - INFO - ==liuq debug== 已启用拖拽: QScrollBar
2025-08-13 14:21:08,676 - gui.main_window - INFO - ==liuq debug== 已启用拖拽: QLabel
2025-08-13 14:21:08,676 - gui.main_window - INFO - ==liuq debug== 已启用拖拽: QSplitterHandle
2025-08-13 14:21:08,676 - gui.main_window - INFO - ==liuq debug== 已启用拖拽: QSplitterHandle
2025-08-13 14:21:08,676 - gui.main_window - INFO - ==liuq debug== 已启用拖拽: QTabBar
2025-08-13 14:21:08,677 - gui.main_window - INFO - ==liuq debug== 已启用拖拽: QToolButton
2025-08-13 14:21:08,677 - gui.main_window - INFO - ==liuq debug== 已启用拖拽: QToolButton
2025-08-13 14:21:08,677 - gui.main_window - INFO - ==liuq debug== 已启用拖拽: QMenuBar
2025-08-13 14:21:08,677 - gui.main_window - INFO - ==liuq debug== 已启用拖拽: QToolButton
2025-08-13 14:21:08,677 - gui.main_window - INFO - ==liuq debug== 已启用拖拽: QMenu
2025-08-13 14:21:08,678 - gui.main_window - INFO - ==liuq debug== 已启用拖拽: QMenu
2025-08-13 14:21:08,678 - gui.main_window - INFO - ==liuq debug== 已启用拖拽: QMenu
2025-08-13 14:21:08,678 - gui.main_window - INFO - ==liuq debug== 已启用拖拽: QStatusBar
2025-08-13 14:21:08,678 - gui.main_window - INFO - ==liuq debug== 已启用拖拽: QSizeGrip
2025-08-13 14:21:08,678 - gui.main_window - INFO - ==liuq debug== 已启用拖拽: QLabel
2025-08-13 14:21:08,678 - gui.main_window - INFO - ==liuq debug== 已在 QApplication 安装全局事件过滤器
2025-08-13 14:21:08,678 - gui.main_window - INFO - ==liuq debug== BOOT_SIGNATURE: DnD_v3_pywin32_enabled
2025-08-13 14:21:08,678 - gui.main_window - INFO - ==liuq debug== 主窗口初始化完成
2025-08-13 14:21:08,679 - gui.main_window - INFO - ==liuq debug== 拖拽区域已创建并开始监控: D:\Users\w9065706\Desktop\FastMap_拖拽区域
2025-08-13 14:21:08,680 - gui.main_window - INFO - ==liuq debug== pywin 注册将于窗口显示后执行(SHOW)
2025-08-13 14:21:08,701 - gui.main_window - INFO - ==liuq debug== SHOW 事件触发，开始 pywin 注册流程
2025-08-13 14:21:08,959 - utils.pywin_drop - INFO - ==liuq debug== pywin 已注册剪贴板格式: FileGroupDescriptorW/FileContents
2025-08-13 14:21:08,960 - utils.pywin_drop - INFO - ==liuq debug== pywin OleInitialize 成功
2025-08-13 14:21:08,961 - utils.pywin_drop - INFO - ==liuq debug== pywin IDropTarget 注册成功 hwnd=0xc03d7a
2025-08-13 14:21:08,961 - gui.main_window - INFO - ==liuq debug== pywin main 注册成功 hwnd=12598650
2025-08-13 14:21:08,973 - utils.pywin_drop - INFO - ==liuq debug== pywin OleInitialize 成功
2025-08-13 14:21:08,975 - utils.pywin_drop - INFO - ==liuq debug== pywin IDropTarget 注册成功 hwnd=0x2c035a
2025-08-13 14:21:08,976 - gui.main_window - INFO - ==liuq debug== pywin central 注册成功 hwnd=2884442
2025-08-13 14:21:08,981 - utils.pywin_drop - INFO - ==liuq debug== pywin OleInitialize 成功
2025-08-13 14:21:08,982 - utils.pywin_drop - INFO - ==liuq debug== pywin IDropTarget 注册成功 hwnd=0x6e0ebe
2025-08-13 14:21:08,983 - gui.main_window - INFO - ==liuq debug== pywin tabs 注册成功 hwnd=7212734
2025-08-13 14:21:09,360 - __main__ - INFO - ==liuq debug== 主窗口创建并显示成功
2025-08-13 14:21:09,361 - __main__ - INFO - ==liuq debug== 启动应用程序主循环
2025-08-13 14:21:15,382 - gui.main_window - INFO - ==liuq debug== 用户确认退出应用程序
2025-08-13 14:21:15,476 - __main__ - INFO - ==liuq debug== 应用程序退出，退出码: 0
